<?xml version="1.0" encoding="UTF-8"?>
<testsuite name="com.homedepot.mm.po.iom.rest.IOMTransferRequestControllerTest" tests="12" skipped="0" failures="0" errors="0" timestamp="2017-07-13T19:02:04" hostname="f2d9b88c-015a-418f-555e-6617c9945587" time="2.367">
  <properties/>
  <testcase name="successApprovalStatusTest" classname="com.homedepot.mm.po.iom.rest.IOMTransferRequestControllerTest" time="0.418"/>
  <testcase name="distributeToPomSuccessTest" classname="com.homedepot.mm.po.iom.rest.IOMTransferRequestControllerTest" time="0.608"/>
  <testcase name="failedPostTransfersTest" classname="com.homedepot.mm.po.iom.rest.IOMTransferRequestControllerTest" time="0.071"/>
  <testcase name="successReasonCodesTest" classname="com.homedepot.mm.po.iom.rest.IOMTransferRequestControllerTest" time="0.046"/>
  <testcase name="failedPostNonJsonTransfersTest" classname="com.homedepot.mm.po.iom.rest.IOMTransferRequestControllerTest" time="0.087"/>
  <testcase name="distributeToPomFail500StatusTest" classname="com.homedepot.mm.po.iom.rest.IOMTransferRequestControllerTest" time="0.207"/>
  <testcase name="_distributeToPomSuccessTest" classname="com.homedepot.mm.po.iom.rest.IOMTransferRequestControllerTest" time="0.125"/>
  <testcase name="distributeToPomMissedByPackTest" classname="com.homedepot.mm.po.iom.rest.IOMTransferRequestControllerTest" time="0.107"/>
  <testcase name="distributeToPomFail412StatusTest" classname="com.homedepot.mm.po.iom.rest.IOMTransferRequestControllerTest" time="0.123"/>
  <testcase name="successfulPostTransfersTest" classname="com.homedepot.mm.po.iom.rest.IOMTransferRequestControllerTest" time="0.077"/>
  <testcase name="distributeToPomDuplicateTest" classname="com.homedepot.mm.po.iom.rest.IOMTransferRequestControllerTest" time="0.091"/>
  <testcase name="distributeToPomFail424StatusTest" classname="com.homedepot.mm.po.iom.rest.IOMTransferRequestControllerTest" time="0.3"/>
  <system-out><![CDATA[{"date":"2017-07-13 19:02:03","level": "INFO ","message": "Neither @ContextConfiguration nor @ContextHierarchy found for test class [com.homedepot.mm.po.iom.rest.IOMTransferRequestControllerTest], using SpringBootContextLoader","logger": "o.s.b.t.c.SpringBootTestContextBootstrapper","thread": "[Test worker]"}
{"date":"2017-07-13 19:02:03","level": "INFO ","message": "Could not detect default resource locations for test class [com.homedepot.mm.po.iom.rest.IOMTransferRequestControllerTest]: no resource found for suffixes {-context.xml, Context.groovy}.","logger": "o.s.t.c.s.AbstractContextLoader","thread": "[Test worker]"}
{"date":"2017-07-13 19:02:03","level": "INFO ","message": "Could not detect default configuration classes for test class [com.homedepot.mm.po.iom.rest.IOMTransferRequestControllerTest]: IOMTransferRequestControllerTest does not declare any static, non-private, non-final, nested classes annotated with @Configuration.","logger": "o.s.t.c.s.AnnotationConfigContextLoaderUtils","thread": "[Test worker]"}
{"date":"2017-07-13 19:02:03","level": "INFO ","message": "Found @SpringBootConfiguration com.homedepot.mm.po.iom.IomTransferRequestApplication for test class com.homedepot.mm.po.iom.rest.IOMTransferRequestControllerTest","logger": "o.s.b.t.c.SpringBootTestContextBootstrapper","thread": "[Test worker]"}
{"date":"2017-07-13 19:02:03","level": "INFO ","message": "Loaded default TestExecutionListener class names from location [META-INF/spring.factories]: [org.springframework.boot.test.mock.mockito.MockitoTestExecutionListener, org.springframework.boot.test.mock.mockito.ResetMocksTestExecutionListener, org.springframework.boot.test.autoconfigure.restdocs.RestDocsTestExecutionListener, org.springframework.boot.test.autoconfigure.web.client.MockRestServiceServerResetTestExecutionListener, org.springframework.boot.test.autoconfigure.web.servlet.MockMvcPrintOnlyOnFailureTestExecutionListener, org.springframework.boot.test.autoconfigure.web.servlet.WebDriverTestExecutionListener, org.springframework.test.context.web.ServletTestExecutionListener, org.springframework.test.context.support.DirtiesContextBeforeModesTestExecutionListener, org.springframework.test.context.support.DependencyInjectionTestExecutionListener, org.springframework.test.context.support.DirtiesContextTestExecutionListener, org.springframework.test.context.transaction.TransactionalTestExecutionListener, org.springframework.test.context.jdbc.SqlScriptsTestExecutionListener]","logger": "o.s.b.t.c.SpringBootTestContextBootstrapper","thread": "[Test worker]"}
{"date":"2017-07-13 19:02:03","level": "INFO ","message": "Using TestExecutionListeners: [org.springframework.test.context.web.ServletTestExecutionListener@1731e6f3, org.springframework.test.context.support.DirtiesContextBeforeModesTestExecutionListener@1385c682, org.springframework.boot.test.autoconfigure.SpringBootDependencyInjectionTestExecutionListener@1c8c3451, org.springframework.test.context.support.DirtiesContextTestExecutionListener@56a37764, org.springframework.test.context.transaction.TransactionalTestExecutionListener@4e3d053d, org.springframework.test.context.jdbc.SqlScriptsTestExecutionListener@73b17bae, org.springframework.boot.test.autoconfigure.web.servlet.WebDriverTestExecutionListener@ee2f735, org.springframework.boot.test.autoconfigure.web.client.MockRestServiceServerResetTestExecutionListener@43b7a9da, org.springframework.boot.test.autoconfigure.restdocs.RestDocsTestExecutionListener@6585487c, org.springframework.boot.test.mock.mockito.ResetMocksTestExecutionListener@1d913369, org.springframework.boot.test.autoconfigure.web.servlet.MockMvcPrintOnlyOnFailureTestExecutionListener@45324b1, org.springframework.boot.test.mock.mockito.MockitoTestExecutionListener@7ad4a498]","logger": "o.s.b.t.c.SpringBootTestContextBootstrapper","thread": "[Test worker]"}
{"date":"2017-07-13 19:02:04","level": "INFO ","message": "Logging initialized @9249ms to org.eclipse.jetty.util.log.Slf4jLog","logger": "org.eclipse.jetty.util.log","thread": "[Test worker]"}
{"date":"2017-07-13 19:02:04","level": "INFO ","message": "jetty-9.4.2.v20170220","logger": "org.eclipse.jetty.server.Server","thread": "[Test worker]"}
{"date":"2017-07-13 19:02:04","level": "INFO ","message": "Started o.e.j.s.ServletContextHandler@334b346e{/__admin,null,AVAILABLE}","logger": "o.e.j.server.handler.ContextHandler","thread": "[Test worker]"}
{"date":"2017-07-13 19:02:04","level": "WARN ","message": "Using @Deprecated Class org.eclipse.jetty.servlets.GzipFilter","logger": "o.e.jetty.util.DeprecationWarning","thread": "[Test worker]"}
{"date":"2017-07-13 19:02:04","level": "WARN ","message": "GzipFilter is deprecated. Use GzipHandler","logger": "o.eclipse.jetty.servlets.GzipFilter","thread": "[Test worker]"}
{"date":"2017-07-13 19:02:04","level": "INFO ","message": "Started o.e.j.s.ServletContextHandler@580d8a53{/,null,AVAILABLE}","logger": "o.e.j.server.handler.ContextHandler","thread": "[Test worker]"}
{"date":"2017-07-13 19:02:04","level": "INFO ","message": "Started NetworkTrafficServerConnector@56f50e0f{HTTP/1.1,[http/1.1]}{0.0.0.0:8089}","logger": "o.e.jetty.server.AbstractConnector","thread": "[Test worker]"}
{"date":"2017-07-13 19:02:04","level": "INFO ","message": "Started @9405ms","logger": "org.eclipse.jetty.server.Server","thread": "[Test worker]"}
{"date":"2017-07-13 19:02:04","level": "INFO ","message": "Began transaction (1) for test context [DefaultTestContext@2456606 testClass = IOMTransferRequestControllerTest, testInstance = com.homedepot.mm.po.iom.rest.IOMTransferRequestControllerTest@2b3e4654, testMethod = successApprovalStatusTest@IOMTransferRequestControllerTest, testException = [null], mergedContextConfiguration = [WebMergedContextConfiguration@137a8ac4 testClass = IOMTransferRequestControllerTest, locations = '{}', classes = '{class com.homedepot.mm.po.iom.IomTransferRequestApplication}', contextInitializerClasses = '[]', activeProfiles = '{test}', propertySourceLocations = '{}', propertySourceProperties = '{org.springframework.boot.test.context.SpringBootTestContextBootstrapper=true}', contextCustomizers = set[org.springframework.boot.test.context.SpringBootTestContextCustomizer@179d46d1, org.springframework.boot.test.context.filter.ExcludeFilterContextCustomizer@36294929, org.springframework.boot.test.mock.mockito.MockitoContextCustomizer@0, org.springframework.boot.test.autoconfigure.properties.PropertyMappingContextCustomizer@0, org.springframework.boot.test.autoconfigure.web.servlet.WebDriverContextCustomizerFactory$Customizer@3c6a72cd], resourceBasePath = 'src/main/webapp', contextLoader = 'org.springframework.boot.test.context.SpringBootContextLoader', parent = [null]]]; transaction manager [org.springframework.jdbc.datasource.DataSourceTransactionManager@c07bbda]; rollback [true]","logger": "o.s.t.c.t.TransactionContext","thread": "[Test worker]"}
{"date":"2017-07-13 19:02:04","level": "INFO ","message": "RequestHandlerClass from context returned com.github.tomakehurst.wiremock.http.AdminRequestHandler. Normalized mapped under returned 'null'","logger": "o.e.jetty.ContextHandler.__admin","thread": "[qtp746689855-26]"}
{"date":"2017-07-13 19:02:04","level": "INFO ","message": "Initializing Spring FrameworkServlet ''","logger": "o.s.b.t.m.w.SpringBootMockServletContext","thread": "[Test worker]"}
{"date":"2017-07-13 19:02:04","level": "INFO ","message": "FrameworkServlet '': initialization started","logger": "o.s.t.w.s.TestDispatcherServlet","thread": "[Test worker]"}
{"date":"2017-07-13 19:02:04","level": "INFO ","message": "FrameworkServlet '': initialization completed in 13 ms","logger": "o.s.t.w.s.TestDispatcherServlet","thread": "[Test worker]"}

MockHttpServletRequest:
      HTTP Method = GET
      Request URI = /service/approvalStatus
       Parameters = {}
          Headers = {}

Handler:
             Type = com.homedepot.mm.po.iom.rest.IOMTransferRequestController
           Method = public org.springframework.http.ResponseEntity<java.util.List<com.homedepot.mm.po.iom.dto.systemcodes.ApprovalStatus>> com.homedepot.mm.po.iom.rest.IOMTransferRequestController.getApprovalStatus()

Async:
    Async started = false
     Async result = null

Resolved Exception:
             Type = null

ModelAndView:
        View name = null
             View = null
            Model = null

FlashMap:
       Attributes = null

MockHttpServletResponse:
           Status = 200
    Error message = null
          Headers = {Content-Type=[application/json;charset=UTF-8]}
     Content type = application/json;charset=UTF-8
             Body = [{"code":3,"description":"Approved"},{"code":5,"description":"Cancelled"},{"code":4,"description":"Rejected"},{"code":2,"description":"Sent"},{"code":1,"description":"Submitted"}]
    Forwarded URL = null
   Redirected URL = null
          Cookies = []
{"date":"2017-07-13 19:02:04","level": "INFO ","message": "Rolled back transaction for test context [DefaultTestContext@2456606 testClass = IOMTransferRequestControllerTest, testInstance = com.homedepot.mm.po.iom.rest.IOMTransferRequestControllerTest@2b3e4654, testMethod = successApprovalStatusTest@IOMTransferRequestControllerTest, testException = [null], mergedContextConfiguration = [WebMergedContextConfiguration@137a8ac4 testClass = IOMTransferRequestControllerTest, locations = '{}', classes = '{class com.homedepot.mm.po.iom.IomTransferRequestApplication}', contextInitializerClasses = '[]', activeProfiles = '{test}', propertySourceLocations = '{}', propertySourceProperties = '{org.springframework.boot.test.context.SpringBootTestContextBootstrapper=true}', contextCustomizers = set[org.springframework.boot.test.context.SpringBootTestContextCustomizer@179d46d1, org.springframework.boot.test.context.filter.ExcludeFilterContextCustomizer@36294929, org.springframework.boot.test.mock.mockito.MockitoContextCustomizer@0, org.springframework.boot.test.autoconfigure.properties.PropertyMappingContextCustomizer@0, org.springframework.boot.test.autoconfigure.web.servlet.WebDriverContextCustomizerFactory$Customizer@3c6a72cd], resourceBasePath = 'src/main/webapp', contextLoader = 'org.springframework.boot.test.context.SpringBootContextLoader', parent = [null]]].","logger": "o.s.t.c.t.TransactionContext","thread": "[Test worker]"}
{"date":"2017-07-13 19:02:04","level": "INFO ","message": "Stopped NetworkTrafficServerConnector@56f50e0f{HTTP/1.1,[http/1.1]}{0.0.0.0:8089}","logger": "o.e.jetty.server.AbstractConnector","thread": "[Test worker]"}
{"date":"2017-07-13 19:02:04","level": "INFO ","message": "Stopped o.e.j.s.ServletContextHandler@580d8a53{/,null,UNAVAILABLE}","logger": "o.e.j.server.handler.ContextHandler","thread": "[Test worker]"}
{"date":"2017-07-13 19:02:04","level": "INFO ","message": "Stopped o.e.j.s.ServletContextHandler@334b346e{/__admin,null,UNAVAILABLE}","logger": "o.e.j.server.handler.ContextHandler","thread": "[Test worker]"}
{"date":"2017-07-13 19:02:04","level": "INFO ","message": "jetty-9.4.2.v20170220","logger": "org.eclipse.jetty.server.Server","thread": "[Test worker]"}
{"date":"2017-07-13 19:02:04","level": "INFO ","message": "Started o.e.j.s.ServletContextHandler@60069b8e{/__admin,null,AVAILABLE}","logger": "o.e.j.server.handler.ContextHandler","thread": "[Test worker]"}
{"date":"2017-07-13 19:02:04","level": "WARN ","message": "Using @Deprecated Class org.eclipse.jetty.servlets.GzipFilter","logger": "o.e.jetty.util.DeprecationWarning","thread": "[Test worker]"}
{"date":"2017-07-13 19:02:04","level": "WARN ","message": "GzipFilter is deprecated. Use GzipHandler","logger": "o.eclipse.jetty.servlets.GzipFilter","thread": "[Test worker]"}
{"date":"2017-07-13 19:02:04","level": "INFO ","message": "Started o.e.j.s.ServletContextHandler@5fdbceac{/,null,AVAILABLE}","logger": "o.e.j.server.handler.ContextHandler","thread": "[Test worker]"}
{"date":"2017-07-13 19:02:04","level": "INFO ","message": "Started NetworkTrafficServerConnector@7ad104d8{HTTP/1.1,[http/1.1]}{0.0.0.0:8089}","logger": "o.e.jetty.server.AbstractConnector","thread": "[Test worker]"}
{"date":"2017-07-13 19:02:04","level": "INFO ","message": "Started @9887ms","logger": "org.eclipse.jetty.server.Server","thread": "[Test worker]"}
{"date":"2017-07-13 19:02:04","level": "INFO ","message": "Began transaction (1) for test context [DefaultTestContext@2456606 testClass = IOMTransferRequestControllerTest, testInstance = com.homedepot.mm.po.iom.rest.IOMTransferRequestControllerTest@f640e81, testMethod = distributeToPomSuccessTest@IOMTransferRequestControllerTest, testException = [null], mergedContextConfiguration = [WebMergedContextConfiguration@137a8ac4 testClass = IOMTransferRequestControllerTest, locations = '{}', classes = '{class com.homedepot.mm.po.iom.IomTransferRequestApplication}', contextInitializerClasses = '[]', activeProfiles = '{test}', propertySourceLocations = '{}', propertySourceProperties = '{org.springframework.boot.test.context.SpringBootTestContextBootstrapper=true}', contextCustomizers = set[org.springframework.boot.test.context.SpringBootTestContextCustomizer@179d46d1, org.springframework.boot.test.context.filter.ExcludeFilterContextCustomizer@36294929, org.springframework.boot.test.mock.mockito.MockitoContextCustomizer@0, org.springframework.boot.test.autoconfigure.properties.PropertyMappingContextCustomizer@0, org.springframework.boot.test.autoconfigure.web.servlet.WebDriverContextCustomizerFactory$Customizer@3c6a72cd], resourceBasePath = 'src/main/webapp', contextLoader = 'org.springframework.boot.test.context.SpringBootContextLoader', parent = [null]]]; transaction manager [org.springframework.jdbc.datasource.DataSourceTransactionManager@c07bbda]; rollback [true]","logger": "o.s.t.c.t.TransactionContext","thread": "[Test worker]"}
{"date":"2017-07-13 19:02:04","level": "INFO ","message": "RequestHandlerClass from context returned com.github.tomakehurst.wiremock.http.AdminRequestHandler. Normalized mapped under returned 'null'","logger": "o.e.jetty.ContextHandler.__admin","thread": "[qtp975643803-36]"}
{"date":"2017-07-13 19:02:04","level": "INFO ","message": "Initializing Spring FrameworkServlet ''","logger": "o.s.b.t.m.w.SpringBootMockServletContext","thread": "[Test worker]"}
{"date":"2017-07-13 19:02:04","level": "INFO ","message": "FrameworkServlet '': initialization started","logger": "o.s.t.w.s.TestDispatcherServlet","thread": "[Test worker]"}
{"date":"2017-07-13 19:02:04","level": "INFO ","message": "FrameworkServlet '': initialization completed in 33 ms","logger": "o.s.t.w.s.TestDispatcherServlet","thread": "[Test worker]"}
{"date":"2017-07-13 19:02:05","level": "INFO ","message": "POM URL-http://localhost:8089/TransfersIntegrationService/transfer/{omtOrderTypeCode}","logger": "c.h.m.p.i.r.IOMTransferRequestController","thread": "[Test worker]"}
{"date":"2017-07-13 19:02:05","level": "INFO ","message": "Transfer-{"order":{"orderHeader":{"sourceSystemRequestID":8,"actionType":"CO", "createProgramId":"IOM", "shippingLocationNumber":"5150", "shippingLocationTypeCode":"DC", "receivingLocationNumber":"5149", "receivingLocationTypeCode":"DC", "merchandisingDepartmentNumber":"27", "distributionServiceTypeCode":"15", "replenishmentMethodCode":"13", "orderReasonCode":"260", "omtOrderTypeCode":"22", "orderStatusCode":"2", "commentText":"DF to DF transfers", "orderSourceLocationNumber":null, "orderProductGroupCode":null, "expectedArrivalDate":"2017-04-18"}, "orderLines": [ {"orderRequestSequenceNumber":1, "buyPackUoiCode":"1", "skuNumber": 102256, "buyPackSize":0, "originalOrderQuantity":12.00, "buyPackWeight":4.0000, "buyPackVolume":0.0000, "destinationSkuNumber":"102256", "buyPackWeightUomCode":0, "buyPackVolumeUomCode":0, "unitCostAmount":0.0, "mVendorNumber":null}]}}","logger": "c.h.m.p.i.r.IOMTransferRequestController","thread": "[Test worker]"}
{"date":"2017-07-13 19:02:05","level": "INFO ","message": "Start time to call POM-1499972525239","logger": "c.h.m.p.i.r.IOMTransferRequestController","thread": "[Test worker]"}
{"date":"2017-07-13 19:02:05","level": "INFO ","message": "RequestHandlerClass from context returned com.github.tomakehurst.wiremock.http.StubRequestHandler. Normalized mapped under returned 'null'","logger": "o.e.jetty.ContextHandler.5fdbceac","thread": "[qtp975643803-32]"}
{"date":"2017-07-13 19:02:05","level": "INFO ","message": "End time to call POM-1499972525309","logger": "c.h.m.p.i.r.IOMTransferRequestController","thread": "[Test worker]"}
{"date":"2017-07-13 19:02:05","level": "INFO ","message": "Total cost call-70","logger": "c.h.m.p.i.r.IOMTransferRequestController","thread": "[Test worker]"}
{"date":"2017-07-13 19:02:05","level": "INFO ","message": "POM URL-http://localhost:8089/TransfersIntegrationService/transfer/{omtOrderTypeCode}","logger": "c.h.m.p.i.r.IOMTransferRequestController","thread": "[Test worker]"}
{"date":"2017-07-13 19:02:05","level": "INFO ","message": "Transfer-{"order":{"orderHeader":{"sourceSystemRequestID":7,"actionType":"CO", "createProgramId":"IOM", "shippingLocationNumber":"5150", "shippingLocationTypeCode":"DC", "receivingLocationNumber":"5149", "receivingLocationTypeCode":"DC", "merchandisingDepartmentNumber":"27", "distributionServiceTypeCode":"15", "replenishmentMethodCode":"13", "orderReasonCode":"260", "omtOrderTypeCode":"22", "orderStatusCode":"2", "commentText":"DF to DF transfers", "orderSourceLocationNumber":null, "orderProductGroupCode":null, "expectedArrivalDate":"2017-04-18"}, "orderLines": [ {"orderRequestSequenceNumber":1, "buyPackUoiCode":"1", "skuNumber": 102256, "buyPackSize":0, "originalOrderQuantity":4.00, "buyPackWeight":4.0000, "buyPackVolume":0.0000, "destinationSkuNumber":"102256", "buyPackWeightUomCode":0, "buyPackVolumeUomCode":0, "unitCostAmount":0.0, "mVendorNumber":null}]}}","logger": "c.h.m.p.i.r.IOMTransferRequestController","thread": "[Test worker]"}
{"date":"2017-07-13 19:02:05","level": "INFO ","message": "Start time to call POM-1499972525321","logger": "c.h.m.p.i.r.IOMTransferRequestController","thread": "[Test worker]"}
{"date":"2017-07-13 19:02:05","level": "INFO ","message": "End time to call POM-1499972525329","logger": "c.h.m.p.i.r.IOMTransferRequestController","thread": "[Test worker]"}
{"date":"2017-07-13 19:02:05","level": "INFO ","message": "Total cost call-8","logger": "c.h.m.p.i.r.IOMTransferRequestController","thread": "[Test worker]"}

MockHttpServletRequest:
      HTTP Method = GET
      Request URI = /service/send2pom
       Parameters = {emergency=[false]}
          Headers = {}

Handler:
             Type = com.homedepot.mm.po.iom.rest.IOMTransferRequestController
           Method = public java.util.List<com.homedepot.mm.po.iom.dto.apiResponse.ApiPomResponse> com.homedepot.mm.po.iom.rest.IOMTransferRequestController.sendToPOM(java.lang.Boolean)

Async:
    Async started = false
     Async result = null

Resolved Exception:
             Type = null

ModelAndView:
        View name = null
             View = null
            Model = null

FlashMap:
       Attributes = null

MockHttpServletResponse:
           Status = 200
    Error message = null
          Headers = {Content-Type=[application/json;charset=UTF-8]}
     Content type = application/json;charset=UTF-8
             Body = [{"status":"SUCCESS","sourceSystemRequestID":"22365","transferRequestNumber":"1000249132","message":"Transfer request Created Sucessfully"},{"status":"SUCCESS","sourceSystemRequestID":"22365","transferRequestNumber":"1000249132","message":"Transfer request Created Sucessfully"}]
    Forwarded URL = null
   Redirected URL = null
          Cookies = []
{"date":"2017-07-13 19:02:05","level": "INFO ","message": "Rolled back transaction for test context [DefaultTestContext@2456606 testClass = IOMTransferRequestControllerTest, testInstance = com.homedepot.mm.po.iom.rest.IOMTransferRequestControllerTest@f640e81, testMethod = distributeToPomSuccessTest@IOMTransferRequestControllerTest, testException = [null], mergedContextConfiguration = [WebMergedContextConfiguration@137a8ac4 testClass = IOMTransferRequestControllerTest, locations = '{}', classes = '{class com.homedepot.mm.po.iom.IomTransferRequestApplication}', contextInitializerClasses = '[]', activeProfiles = '{test}', propertySourceLocations = '{}', propertySourceProperties = '{org.springframework.boot.test.context.SpringBootTestContextBootstrapper=true}', contextCustomizers = set[org.springframework.boot.test.context.SpringBootTestContextCustomizer@179d46d1, org.springframework.boot.test.context.filter.ExcludeFilterContextCustomizer@36294929, org.springframework.boot.test.mock.mockito.MockitoContextCustomizer@0, org.springframework.boot.test.autoconfigure.properties.PropertyMappingContextCustomizer@0, org.springframework.boot.test.autoconfigure.web.servlet.WebDriverContextCustomizerFactory$Customizer@3c6a72cd], resourceBasePath = 'src/main/webapp', contextLoader = 'org.springframework.boot.test.context.SpringBootContextLoader', parent = [null]]].","logger": "o.s.t.c.t.TransactionContext","thread": "[Test worker]"}
{"date":"2017-07-13 19:02:05","level": "INFO ","message": "Stopped NetworkTrafficServerConnector@7ad104d8{HTTP/1.1,[http/1.1]}{0.0.0.0:8089}","logger": "o.e.jetty.server.AbstractConnector","thread": "[Test worker]"}
{"date":"2017-07-13 19:02:05","level": "INFO ","message": "Stopped o.e.j.s.ServletContextHandler@5fdbceac{/,null,UNAVAILABLE}","logger": "o.e.j.server.handler.ContextHandler","thread": "[Test worker]"}
{"date":"2017-07-13 19:02:05","level": "INFO ","message": "Stopped o.e.j.s.ServletContextHandler@60069b8e{/__admin,null,UNAVAILABLE}","logger": "o.e.j.server.handler.ContextHandler","thread": "[Test worker]"}
{"date":"2017-07-13 19:02:05","level": "WARN ","message": "qtp975643803{STOPPING,8<=9<=10,i=0,q=4} Couldn't stop Thread[qtp975643803-39,5,]","logger": "o.e.j.util.thread.QueuedThreadPool","thread": "[Test worker]"}
{"date":"2017-07-13 19:02:05","level": "WARN ","message": "qtp975643803{STOPPING,8<=9<=10,i=0,q=4} Couldn't stop Thread[qtp975643803-36,5,]","logger": "o.e.j.util.thread.QueuedThreadPool","thread": "[Test worker]"}
{"date":"2017-07-13 19:02:05","level": "INFO ","message": "jetty-9.4.2.v20170220","logger": "org.eclipse.jetty.server.Server","thread": "[Test worker]"}
{"date":"2017-07-13 19:02:05","level": "INFO ","message": "Started o.e.j.s.ServletContextHandler@1b686ee5{/__admin,null,AVAILABLE}","logger": "o.e.j.server.handler.ContextHandler","thread": "[Test worker]"}
{"date":"2017-07-13 19:02:05","level": "WARN ","message": "Using @Deprecated Class org.eclipse.jetty.servlets.GzipFilter","logger": "o.e.jetty.util.DeprecationWarning","thread": "[Test worker]"}
{"date":"2017-07-13 19:02:05","level": "WARN ","message": "GzipFilter is deprecated. Use GzipHandler","logger": "o.eclipse.jetty.servlets.GzipFilter","thread": "[Test worker]"}
{"date":"2017-07-13 19:02:05","level": "INFO ","message": "Started o.e.j.s.ServletContextHandler@56893657{/,null,AVAILABLE}","logger": "o.e.j.server.handler.ContextHandler","thread": "[Test worker]"}
{"date":"2017-07-13 19:02:05","level": "INFO ","message": "Started NetworkTrafficServerConnector@5064f4aa{HTTP/1.1,[http/1.1]}{0.0.0.0:8089}","logger": "o.e.jetty.server.AbstractConnector","thread": "[Test worker]"}
{"date":"2017-07-13 19:02:05","level": "INFO ","message": "Started @10422ms","logger": "org.eclipse.jetty.server.Server","thread": "[Test worker]"}
{"date":"2017-07-13 19:02:05","level": "INFO ","message": "Began transaction (1) for test context [DefaultTestContext@2456606 testClass = IOMTransferRequestControllerTest, testInstance = com.homedepot.mm.po.iom.rest.IOMTransferRequestControllerTest@72e77968, testMethod = failedPostTransfersTest@IOMTransferRequestControllerTest, testException = [null], mergedContextConfiguration = [WebMergedContextConfiguration@137a8ac4 testClass = IOMTransferRequestControllerTest, locations = '{}', classes = '{class com.homedepot.mm.po.iom.IomTransferRequestApplication}', contextInitializerClasses = '[]', activeProfiles = '{test}', propertySourceLocations = '{}', propertySourceProperties = '{org.springframework.boot.test.context.SpringBootTestContextBootstrapper=true}', contextCustomizers = set[org.springframework.boot.test.context.SpringBootTestContextCustomizer@179d46d1, org.springframework.boot.test.context.filter.ExcludeFilterContextCustomizer@36294929, org.springframework.boot.test.mock.mockito.MockitoContextCustomizer@0, org.springframework.boot.test.autoconfigure.properties.PropertyMappingContextCustomizer@0, org.springframework.boot.test.autoconfigure.web.servlet.WebDriverContextCustomizerFactory$Customizer@3c6a72cd], resourceBasePath = 'src/main/webapp', contextLoader = 'org.springframework.boot.test.context.SpringBootContextLoader', parent = [null]]]; transaction manager [org.springframework.jdbc.datasource.DataSourceTransactionManager@c07bbda]; rollback [true]","logger": "o.s.t.c.t.TransactionContext","thread": "[Test worker]"}
{"date":"2017-07-13 19:02:05","level": "INFO ","message": "RequestHandlerClass from context returned com.github.tomakehurst.wiremock.http.AdminRequestHandler. Normalized mapped under returned 'null'","logger": "o.e.jetty.ContextHandler.__admin","thread": "[qtp1606158580-49]"}
{"date":"2017-07-13 19:02:05","level": "INFO ","message": "Initializing Spring FrameworkServlet ''","logger": "o.s.b.t.m.w.SpringBootMockServletContext","thread": "[Test worker]"}
{"date":"2017-07-13 19:02:05","level": "INFO ","message": "FrameworkServlet '': initialization started","logger": "o.s.t.w.s.TestDispatcherServlet","thread": "[Test worker]"}
{"date":"2017-07-13 19:02:05","level": "INFO ","message": "FrameworkServlet '': initialization completed in 3 ms","logger": "o.s.t.w.s.TestDispatcherServlet","thread": "[Test worker]"}
{"date":"2017-07-13 19:02:05","level": "WARN ","message": "No mapping found for HTTP request with URI [noNameService] in DispatcherServlet with name ''","logger": "o.s.web.servlet.PageNotFound","thread": "[Test worker]"}

MockHttpServletRequest:
      HTTP Method = POST
      Request URI = noNameService
       Parameters = {}
          Headers = {Content-Type=[application/json]}

Handler:
             Type = null

Async:
    Async started = false
     Async result = null

Resolved Exception:
             Type = null

ModelAndView:
        View name = null
             View = null
            Model = null

FlashMap:
       Attributes = null

MockHttpServletResponse:
           Status = 404
    Error message = null
          Headers = {}
     Content type = null
             Body = 
    Forwarded URL = null
   Redirected URL = null
          Cookies = []
{"date":"2017-07-13 19:02:05","level": "INFO ","message": "Rolled back transaction for test context [DefaultTestContext@2456606 testClass = IOMTransferRequestControllerTest, testInstance = com.homedepot.mm.po.iom.rest.IOMTransferRequestControllerTest@72e77968, testMethod = failedPostTransfersTest@IOMTransferRequestControllerTest, testException = [null], mergedContextConfiguration = [WebMergedContextConfiguration@137a8ac4 testClass = IOMTransferRequestControllerTest, locations = '{}', classes = '{class com.homedepot.mm.po.iom.IomTransferRequestApplication}', contextInitializerClasses = '[]', activeProfiles = '{test}', propertySourceLocations = '{}', propertySourceProperties = '{org.springframework.boot.test.context.SpringBootTestContextBootstrapper=true}', contextCustomizers = set[org.springframework.boot.test.context.SpringBootTestContextCustomizer@179d46d1, org.springframework.boot.test.context.filter.ExcludeFilterContextCustomizer@36294929, org.springframework.boot.test.mock.mockito.MockitoContextCustomizer@0, org.springframework.boot.test.autoconfigure.properties.PropertyMappingContextCustomizer@0, org.springframework.boot.test.autoconfigure.web.servlet.WebDriverContextCustomizerFactory$Customizer@3c6a72cd], resourceBasePath = 'src/main/webapp', contextLoader = 'org.springframework.boot.test.context.SpringBootContextLoader', parent = [null]]].","logger": "o.s.t.c.t.TransactionContext","thread": "[Test worker]"}
{"date":"2017-07-13 19:02:05","level": "INFO ","message": "Stopped NetworkTrafficServerConnector@5064f4aa{HTTP/1.1,[http/1.1]}{0.0.0.0:8089}","logger": "o.e.jetty.server.AbstractConnector","thread": "[Test worker]"}
{"date":"2017-07-13 19:02:05","level": "INFO ","message": "Stopped o.e.j.s.ServletContextHandler@56893657{/,null,UNAVAILABLE}","logger": "o.e.j.server.handler.ContextHandler","thread": "[Test worker]"}
{"date":"2017-07-13 19:02:05","level": "INFO ","message": "Stopped o.e.j.s.ServletContextHandler@1b686ee5{/__admin,null,UNAVAILABLE}","logger": "o.e.j.server.handler.ContextHandler","thread": "[Test worker]"}
{"date":"2017-07-13 19:02:05","level": "WARN ","message": "qtp1606158580{STOPPING,8<=8<=10,i=1,q=6} Couldn't stop Thread[qtp1606158580-42,5,]","logger": "o.e.j.util.thread.QueuedThreadPool","thread": "[Test worker]"}
{"date":"2017-07-13 19:02:05","level": "WARN ","message": "qtp1606158580{STOPPING,8<=8<=10,i=0,q=6} Couldn't stop Thread[qtp1606158580-46,5,]","logger": "o.e.j.util.thread.QueuedThreadPool","thread": "[Test worker]"}
{"date":"2017-07-13 19:02:05","level": "INFO ","message": "jetty-9.4.2.v20170220","logger": "org.eclipse.jetty.server.Server","thread": "[Test worker]"}
{"date":"2017-07-13 19:02:05","level": "INFO ","message": "Started o.e.j.s.ServletContextHandler@7f122146{/__admin,null,AVAILABLE}","logger": "o.e.j.server.handler.ContextHandler","thread": "[Test worker]"}
{"date":"2017-07-13 19:02:05","level": "WARN ","message": "Using @Deprecated Class org.eclipse.jetty.servlets.GzipFilter","logger": "o.e.jetty.util.DeprecationWarning","thread": "[Test worker]"}
{"date":"2017-07-13 19:02:05","level": "WARN ","message": "GzipFilter is deprecated. Use GzipHandler","logger": "o.eclipse.jetty.servlets.GzipFilter","thread": "[Test worker]"}
{"date":"2017-07-13 19:02:05","level": "INFO ","message": "Started o.e.j.s.ServletContextHandler@5d11a410{/,null,AVAILABLE}","logger": "o.e.j.server.handler.ContextHandler","thread": "[Test worker]"}
{"date":"2017-07-13 19:02:05","level": "INFO ","message": "Started NetworkTrafficServerConnector@35db513b{HTTP/1.1,[http/1.1]}{0.0.0.0:8089}","logger": "o.e.jetty.server.AbstractConnector","thread": "[Test worker]"}
{"date":"2017-07-13 19:02:05","level": "INFO ","message": "Started @10492ms","logger": "org.eclipse.jetty.server.Server","thread": "[Test worker]"}
{"date":"2017-07-13 19:02:05","level": "INFO ","message": "Began transaction (1) for test context [DefaultTestContext@2456606 testClass = IOMTransferRequestControllerTest, testInstance = com.homedepot.mm.po.iom.rest.IOMTransferRequestControllerTest@15a94f, testMethod = successReasonCodesTest@IOMTransferRequestControllerTest, testException = [null], mergedContextConfiguration = [WebMergedContextConfiguration@137a8ac4 testClass = IOMTransferRequestControllerTest, locations = '{}', classes = '{class com.homedepot.mm.po.iom.IomTransferRequestApplication}', contextInitializerClasses = '[]', activeProfiles = '{test}', propertySourceLocations = '{}', propertySourceProperties = '{org.springframework.boot.test.context.SpringBootTestContextBootstrapper=true}', contextCustomizers = set[org.springframework.boot.test.context.SpringBootTestContextCustomizer@179d46d1, org.springframework.boot.test.context.filter.ExcludeFilterContextCustomizer@36294929, org.springframework.boot.test.mock.mockito.MockitoContextCustomizer@0, org.springframework.boot.test.autoconfigure.properties.PropertyMappingContextCustomizer@0, org.springframework.boot.test.autoconfigure.web.servlet.WebDriverContextCustomizerFactory$Customizer@3c6a72cd], resourceBasePath = 'src/main/webapp', contextLoader = 'org.springframework.boot.test.context.SpringBootContextLoader', parent = [null]]]; transaction manager [org.springframework.jdbc.datasource.DataSourceTransactionManager@c07bbda]; rollback [true]","logger": "o.s.t.c.t.TransactionContext","thread": "[Test worker]"}
{"date":"2017-07-13 19:02:05","level": "INFO ","message": "RequestHandlerClass from context returned com.github.tomakehurst.wiremock.http.AdminRequestHandler. Normalized mapped under returned 'null'","logger": "o.e.jetty.ContextHandler.__admin","thread": "[qtp1230206297-59]"}
{"date":"2017-07-13 19:02:05","level": "INFO ","message": "Initializing Spring FrameworkServlet ''","logger": "o.s.b.t.m.w.SpringBootMockServletContext","thread": "[Test worker]"}
{"date":"2017-07-13 19:02:05","level": "INFO ","message": "FrameworkServlet '': initialization started","logger": "o.s.t.w.s.TestDispatcherServlet","thread": "[Test worker]"}
{"date":"2017-07-13 19:02:05","level": "INFO ","message": "FrameworkServlet '': initialization completed in 3 ms","logger": "o.s.t.w.s.TestDispatcherServlet","thread": "[Test worker]"}

MockHttpServletRequest:
      HTTP Method = GET
      Request URI = /service/reasonCodes
       Parameters = {}
          Headers = {}

Handler:
             Type = com.homedepot.mm.po.iom.rest.IOMTransferRequestController
           Method = public org.springframework.http.ResponseEntity<java.util.List<com.homedepot.mm.po.iom.dto.systemcodes.Reason>> com.homedepot.mm.po.iom.rest.IOMTransferRequestController.getReasonCodes()

Async:
    Async started = false
     Async result = null

Resolved Exception:
             Type = null

ModelAndView:
        View name = null
             View = null
            Model = null

FlashMap:
       Attributes = null

MockHttpServletResponse:
           Status = 200
    Error message = null
          Headers = {Content-Type=[application/json;charset=UTF-8]}
     Content type = application/json;charset=UTF-8
             Body = [{"code":3,"description":"Emergency"},{"code":2,"description":"Events"},{"code":6,"description":"Non-Forecast Item"},{"code":8,"description":"Order Avoidance"},{"code":1,"description":"Out of Stock (OOS)"},{"code":4,"description":"Projects"},{"code":5,"description":"Residual"},{"code":7,"description":"Will Call"}]
    Forwarded URL = null
   Redirected URL = null
          Cookies = []
{"date":"2017-07-13 19:02:05","level": "INFO ","message": "Rolled back transaction for test context [DefaultTestContext@2456606 testClass = IOMTransferRequestControllerTest, testInstance = com.homedepot.mm.po.iom.rest.IOMTransferRequestControllerTest@15a94f, testMethod = successReasonCodesTest@IOMTransferRequestControllerTest, testException = [null], mergedContextConfiguration = [WebMergedContextConfiguration@137a8ac4 testClass = IOMTransferRequestControllerTest, locations = '{}', classes = '{class com.homedepot.mm.po.iom.IomTransferRequestApplication}', contextInitializerClasses = '[]', activeProfiles = '{test}', propertySourceLocations = '{}', propertySourceProperties = '{org.springframework.boot.test.context.SpringBootTestContextBootstrapper=true}', contextCustomizers = set[org.springframework.boot.test.context.SpringBootTestContextCustomizer@179d46d1, org.springframework.boot.test.context.filter.ExcludeFilterContextCustomizer@36294929, org.springframework.boot.test.mock.mockito.MockitoContextCustomizer@0, org.springframework.boot.test.autoconfigure.properties.PropertyMappingContextCustomizer@0, org.springframework.boot.test.autoconfigure.web.servlet.WebDriverContextCustomizerFactory$Customizer@3c6a72cd], resourceBasePath = 'src/main/webapp', contextLoader = 'org.springframework.boot.test.context.SpringBootContextLoader', parent = [null]]].","logger": "o.s.t.c.t.TransactionContext","thread": "[Test worker]"}
{"date":"2017-07-13 19:02:05","level": "INFO ","message": "Stopped NetworkTrafficServerConnector@35db513b{HTTP/1.1,[http/1.1]}{0.0.0.0:8089}","logger": "o.e.jetty.server.AbstractConnector","thread": "[Test worker]"}
{"date":"2017-07-13 19:02:05","level": "INFO ","message": "Stopped o.e.j.s.ServletContextHandler@5d11a410{/,null,UNAVAILABLE}","logger": "o.e.j.server.handler.ContextHandler","thread": "[Test worker]"}
{"date":"2017-07-13 19:02:05","level": "INFO ","message": "Stopped o.e.j.s.ServletContextHandler@7f122146{/__admin,null,UNAVAILABLE}","logger": "o.e.j.server.handler.ContextHandler","thread": "[Test worker]"}
{"date":"2017-07-13 19:02:05","level": "INFO ","message": "jetty-9.4.2.v20170220","logger": "org.eclipse.jetty.server.Server","thread": "[Test worker]"}
{"date":"2017-07-13 19:02:05","level": "INFO ","message": "Started o.e.j.s.ServletContextHandler@22e671d9{/__admin,null,AVAILABLE}","logger": "o.e.j.server.handler.ContextHandler","thread": "[Test worker]"}
{"date":"2017-07-13 19:02:05","level": "WARN ","message": "Using @Deprecated Class org.eclipse.jetty.servlets.GzipFilter","logger": "o.e.jetty.util.DeprecationWarning","thread": "[Test worker]"}
{"date":"2017-07-13 19:02:05","level": "WARN ","message": "GzipFilter is deprecated. Use GzipHandler","logger": "o.eclipse.jetty.servlets.GzipFilter","thread": "[Test worker]"}
{"date":"2017-07-13 19:02:05","level": "INFO ","message": "Started o.e.j.s.ServletContextHandler@4dd51e98{/,null,AVAILABLE}","logger": "o.e.j.server.handler.ContextHandler","thread": "[Test worker]"}
{"date":"2017-07-13 19:02:05","level": "INFO ","message": "Started NetworkTrafficServerConnector@6ea0f44c{HTTP/1.1,[http/1.1]}{0.0.0.0:8089}","logger": "o.e.jetty.server.AbstractConnector","thread": "[Test worker]"}
{"date":"2017-07-13 19:02:05","level": "INFO ","message": "Started @10545ms","logger": "org.eclipse.jetty.server.Server","thread": "[Test worker]"}
{"date":"2017-07-13 19:02:05","level": "INFO ","message": "Began transaction (1) for test context [DefaultTestContext@2456606 testClass = IOMTransferRequestControllerTest, testInstance = com.homedepot.mm.po.iom.rest.IOMTransferRequestControllerTest@5daac346, testMethod = failedPostNonJsonTransfersTest@IOMTransferRequestControllerTest, testException = [null], mergedContextConfiguration = [WebMergedContextConfiguration@137a8ac4 testClass = IOMTransferRequestControllerTest, locations = '{}', classes = '{class com.homedepot.mm.po.iom.IomTransferRequestApplication}', contextInitializerClasses = '[]', activeProfiles = '{test}', propertySourceLocations = '{}', propertySourceProperties = '{org.springframework.boot.test.context.SpringBootTestContextBootstrapper=true}', contextCustomizers = set[org.springframework.boot.test.context.SpringBootTestContextCustomizer@179d46d1, org.springframework.boot.test.context.filter.ExcludeFilterContextCustomizer@36294929, org.springframework.boot.test.mock.mockito.MockitoContextCustomizer@0, org.springframework.boot.test.autoconfigure.properties.PropertyMappingContextCustomizer@0, org.springframework.boot.test.autoconfigure.web.servlet.WebDriverContextCustomizerFactory$Customizer@3c6a72cd], resourceBasePath = 'src/main/webapp', contextLoader = 'org.springframework.boot.test.context.SpringBootContextLoader', parent = [null]]]; transaction manager [org.springframework.jdbc.datasource.DataSourceTransactionManager@c07bbda]; rollback [true]","logger": "o.s.t.c.t.TransactionContext","thread": "[Test worker]"}
{"date":"2017-07-13 19:02:05","level": "INFO ","message": "RequestHandlerClass from context returned com.github.tomakehurst.wiremock.http.AdminRequestHandler. Normalized mapped under returned 'null'","logger": "o.e.jetty.ContextHandler.__admin","thread": "[qtp273732955-68]"}
{"date":"2017-07-13 19:02:05","level": "INFO ","message": "Initializing Spring FrameworkServlet ''","logger": "o.s.b.t.m.w.SpringBootMockServletContext","thread": "[Test worker]"}
{"date":"2017-07-13 19:02:05","level": "INFO ","message": "FrameworkServlet '': initialization started","logger": "o.s.t.w.s.TestDispatcherServlet","thread": "[Test worker]"}
{"date":"2017-07-13 19:02:05","level": "INFO ","message": "FrameworkServlet '': initialization completed in 7 ms","logger": "o.s.t.w.s.TestDispatcherServlet","thread": "[Test worker]"}

MockHttpServletRequest:
      HTTP Method = POST
      Request URI = /service/transfers
       Parameters = {}
          Headers = {Content-Type=[application/xml]}

Handler:
             Type = null

Async:
    Async started = false
     Async result = null

Resolved Exception:
             Type = org.springframework.web.HttpMediaTypeNotSupportedException

ModelAndView:
        View name = null
             View = null
            Model = null

FlashMap:
       Attributes = null

MockHttpServletResponse:
           Status = 415
    Error message = null
          Headers = {Accept=[application/json]}
     Content type = null
             Body = 
    Forwarded URL = null
   Redirected URL = null
          Cookies = []
{"date":"2017-07-13 19:02:05","level": "INFO ","message": "Rolled back transaction for test context [DefaultTestContext@2456606 testClass = IOMTransferRequestControllerTest, testInstance = com.homedepot.mm.po.iom.rest.IOMTransferRequestControllerTest@5daac346, testMethod = failedPostNonJsonTransfersTest@IOMTransferRequestControllerTest, testException = [null], mergedContextConfiguration = [WebMergedContextConfiguration@137a8ac4 testClass = IOMTransferRequestControllerTest, locations = '{}', classes = '{class com.homedepot.mm.po.iom.IomTransferRequestApplication}', contextInitializerClasses = '[]', activeProfiles = '{test}', propertySourceLocations = '{}', propertySourceProperties = '{org.springframework.boot.test.context.SpringBootTestContextBootstrapper=true}', contextCustomizers = set[org.springframework.boot.test.context.SpringBootTestContextCustomizer@179d46d1, org.springframework.boot.test.context.filter.ExcludeFilterContextCustomizer@36294929, org.springframework.boot.test.mock.mockito.MockitoContextCustomizer@0, org.springframework.boot.test.autoconfigure.properties.PropertyMappingContextCustomizer@0, org.springframework.boot.test.autoconfigure.web.servlet.WebDriverContextCustomizerFactory$Customizer@3c6a72cd], resourceBasePath = 'src/main/webapp', contextLoader = 'org.springframework.boot.test.context.SpringBootContextLoader', parent = [null]]].","logger": "o.s.t.c.t.TransactionContext","thread": "[Test worker]"}
{"date":"2017-07-13 19:02:05","level": "INFO ","message": "Stopped NetworkTrafficServerConnector@6ea0f44c{HTTP/1.1,[http/1.1]}{0.0.0.0:8089}","logger": "o.e.jetty.server.AbstractConnector","thread": "[Test worker]"}
{"date":"2017-07-13 19:02:05","level": "INFO ","message": "Stopped o.e.j.s.ServletContextHandler@4dd51e98{/,null,UNAVAILABLE}","logger": "o.e.j.server.handler.ContextHandler","thread": "[Test worker]"}
{"date":"2017-07-13 19:02:05","level": "INFO ","message": "Stopped o.e.j.s.ServletContextHandler@22e671d9{/__admin,null,UNAVAILABLE}","logger": "o.e.j.server.handler.ContextHandler","thread": "[Test worker]"}
{"date":"2017-07-13 19:02:05","level": "WARN ","message": "qtp273732955{STOPPING,8<=8<=10,i=0,q=3} Couldn't stop Thread[qtp273732955-71,5,main]","logger": "o.e.j.util.thread.QueuedThreadPool","thread": "[Test worker]"}
{"date":"2017-07-13 19:02:05","level": "WARN ","message": "qtp273732955{STOPPING,8<=8<=10,i=0,q=3} Couldn't stop Thread[qtp273732955-62,5,]","logger": "o.e.j.util.thread.QueuedThreadPool","thread": "[Test worker]"}
{"date":"2017-07-13 19:02:05","level": "INFO ","message": "jetty-9.4.2.v20170220","logger": "org.eclipse.jetty.server.Server","thread": "[Test worker]"}
{"date":"2017-07-13 19:02:05","level": "INFO ","message": "Started o.e.j.s.ServletContextHandler@4a5018b3{/__admin,null,AVAILABLE}","logger": "o.e.j.server.handler.ContextHandler","thread": "[Test worker]"}
{"date":"2017-07-13 19:02:05","level": "WARN ","message": "Using @Deprecated Class org.eclipse.jetty.servlets.GzipFilter","logger": "o.e.jetty.util.DeprecationWarning","thread": "[Test worker]"}
{"date":"2017-07-13 19:02:05","level": "WARN ","message": "GzipFilter is deprecated. Use GzipHandler","logger": "o.eclipse.jetty.servlets.GzipFilter","thread": "[Test worker]"}
{"date":"2017-07-13 19:02:05","level": "INFO ","message": "Started o.e.j.s.ServletContextHandler@2c6ef264{/,null,AVAILABLE}","logger": "o.e.j.server.handler.ContextHandler","thread": "[Test worker]"}
{"date":"2017-07-13 19:02:05","level": "INFO ","message": "Started NetworkTrafficServerConnector@440f584f{HTTP/1.1,[http/1.1]}{0.0.0.0:8089}","logger": "o.e.jetty.server.AbstractConnector","thread": "[Test worker]"}
{"date":"2017-07-13 19:02:05","level": "INFO ","message": "Started @10642ms","logger": "org.eclipse.jetty.server.Server","thread": "[Test worker]"}
{"date":"2017-07-13 19:02:05","level": "INFO ","message": "Began transaction (1) for test context [DefaultTestContext@2456606 testClass = IOMTransferRequestControllerTest, testInstance = com.homedepot.mm.po.iom.rest.IOMTransferRequestControllerTest@4822b82b, testMethod = distributeToPomFail500StatusTest@IOMTransferRequestControllerTest, testException = [null], mergedContextConfiguration = [WebMergedContextConfiguration@137a8ac4 testClass = IOMTransferRequestControllerTest, locations = '{}', classes = '{class com.homedepot.mm.po.iom.IomTransferRequestApplication}', contextInitializerClasses = '[]', activeProfiles = '{test}', propertySourceLocations = '{}', propertySourceProperties = '{org.springframework.boot.test.context.SpringBootTestContextBootstrapper=true}', contextCustomizers = set[org.springframework.boot.test.context.SpringBootTestContextCustomizer@179d46d1, org.springframework.boot.test.context.filter.ExcludeFilterContextCustomizer@36294929, org.springframework.boot.test.mock.mockito.MockitoContextCustomizer@0, org.springframework.boot.test.autoconfigure.properties.PropertyMappingContextCustomizer@0, org.springframework.boot.test.autoconfigure.web.servlet.WebDriverContextCustomizerFactory$Customizer@3c6a72cd], resourceBasePath = 'src/main/webapp', contextLoader = 'org.springframework.boot.test.context.SpringBootContextLoader', parent = [null]]]; transaction manager [org.springframework.jdbc.datasource.DataSourceTransactionManager@c07bbda]; rollback [true]","logger": "o.s.t.c.t.TransactionContext","thread": "[Test worker]"}
{"date":"2017-07-13 19:02:05","level": "INFO ","message": "RequestHandlerClass from context returned com.github.tomakehurst.wiremock.http.AdminRequestHandler. Normalized mapped under returned 'null'","logger": "o.e.jetty.ContextHandler.__admin","thread": "[qtp1600902034-79]"}
{"date":"2017-07-13 19:02:05","level": "INFO ","message": "Initializing Spring FrameworkServlet ''","logger": "o.s.b.t.m.w.SpringBootMockServletContext","thread": "[Test worker]"}
{"date":"2017-07-13 19:02:05","level": "INFO ","message": "FrameworkServlet '': initialization started","logger": "o.s.t.w.s.TestDispatcherServlet","thread": "[Test worker]"}
{"date":"2017-07-13 19:02:05","level": "INFO ","message": "FrameworkServlet '': initialization completed in 7 ms","logger": "o.s.t.w.s.TestDispatcherServlet","thread": "[Test worker]"}
{"date":"2017-07-13 19:02:05","level": "INFO ","message": "POM URL-http://localhost:8089/TransfersIntegrationService/transfer/{omtOrderTypeCode}","logger": "c.h.m.p.i.r.IOMTransferRequestController","thread": "[Test worker]"}
{"date":"2017-07-13 19:02:05","level": "INFO ","message": "Transfer-{"order":{"orderHeader":{"sourceSystemRequestID":10,"actionType":"CO", "createProgramId":"IOM", "shippingLocationNumber":"5150", "shippingLocationTypeCode":"DC", "receivingLocationNumber":"5149", "receivingLocationTypeCode":"DC", "merchandisingDepartmentNumber":"27", "distributionServiceTypeCode":"15", "replenishmentMethodCode":"13", "orderReasonCode":"260", "omtOrderTypeCode":"22", "orderStatusCode":"2", "commentText":"DF to DF transfers", "orderSourceLocationNumber":null, "orderProductGroupCode":null, "expectedArrivalDate":"2017-04-18"}, "orderLines": [ {"orderRequestSequenceNumber":1, "buyPackUoiCode":"1", "skuNumber": 102256, "buyPackSize":0, "originalOrderQuantity":12.00, "buyPackWeight":4.0000, "buyPackVolume":0.0000, "destinationSkuNumber":"102256", "buyPackWeightUomCode":0, "buyPackVolumeUomCode":0, "unitCostAmount":0.0, "mVendorNumber":null}]}}","logger": "c.h.m.p.i.r.IOMTransferRequestController","thread": "[Test worker]"}
{"date":"2017-07-13 19:02:05","level": "INFO ","message": "Start time to call POM-1499972525699","logger": "c.h.m.p.i.r.IOMTransferRequestController","thread": "[Test worker]"}
{"date":"2017-07-13 19:02:05","level": "INFO ","message": "RequestHandlerClass from context returned com.github.tomakehurst.wiremock.http.StubRequestHandler. Normalized mapped under returned 'null'","logger": "o.e.jetty.ContextHandler.2c6ef264","thread": "[qtp1600902034-74]"}
{"date":"2017-07-13 19:02:05","level": "ERROR","message": "Error while handling the request distributeToPom","logger": "c.h.m.p.i.r.IOMTransferRequestController","thread": "[Test worker]"}
org.springframework.web.client.HttpServerErrorException: 500 Server Error
	at org.springframework.web.client.DefaultResponseErrorHandler.handleError(DefaultResponseErrorHandler.java:94)
	at org.springframework.web.client.RestTemplate.handleResponse(RestTemplate.java:700)
	at org.springframework.web.client.RestTemplate.doExecute(RestTemplate.java:653)
	at org.springframework.web.client.RestTemplate.execute(RestTemplate.java:613)
	at org.springframework.web.client.RestTemplate.postForEntity(RestTemplate.java:407)
	at com.homedepot.mm.po.iom.rest.IOMTransferRequestController.distributeToPom(IOMTransferRequestController.java:135)
	at com.homedepot.mm.po.iom.rest.IOMTransferRequestController.sendTransfersToPOM(IOMTransferRequestController.java:101)
	at com.homedepot.mm.po.iom.rest.IOMTransferRequestController.sendToPOM(IOMTransferRequestController.java:80)
	at sun.reflect.NativeMethodAccessorImpl.invoke0(Native Method)
	at sun.reflect.NativeMethodAccessorImpl.invoke(NativeMethodAccessorImpl.java:62)
	at sun.reflect.DelegatingMethodAccessorImpl.invoke(DelegatingMethodAccessorImpl.java:43)
	at java.lang.reflect.Method.invoke(Method.java:498)
	at org.springframework.web.method.support.InvocableHandlerMethod.doInvoke(InvocableHandlerMethod.java:205)
	at org.springframework.web.method.support.InvocableHandlerMethod.invokeForRequest(InvocableHandlerMethod.java:133)
	at org.springframework.web.servlet.mvc.method.annotation.ServletInvocableHandlerMethod.invokeAndHandle(ServletInvocableHandlerMethod.java:116)
	at org.springframework.web.servlet.mvc.method.annotation.RequestMappingHandlerAdapter.invokeHandlerMethod(RequestMappingHandlerAdapter.java:827)
	at org.springframework.web.servlet.mvc.method.annotation.RequestMappingHandlerAdapter.handleInternal(RequestMappingHandlerAdapter.java:738)
	at org.springframework.web.servlet.mvc.method.AbstractHandlerMethodAdapter.handle(AbstractHandlerMethodAdapter.java:85)
	at org.springframework.web.servlet.DispatcherServlet.doDispatch(DispatcherServlet.java:963)
	at org.springframework.web.servlet.DispatcherServlet.doService(DispatcherServlet.java:897)
	at org.springframework.web.servlet.FrameworkServlet.processRequest(FrameworkServlet.java:970)
	at org.springframework.web.servlet.FrameworkServlet.doGet(FrameworkServlet.java:861)
	at javax.servlet.http.HttpServlet.service(HttpServlet.java:622)
	at org.springframework.web.servlet.FrameworkServlet.service(FrameworkServlet.java:846)
	at org.springframework.test.web.servlet.TestDispatcherServlet.service(TestDispatcherServlet.java:65)
	at javax.servlet.http.HttpServlet.service(HttpServlet.java:729)
	at org.springframework.mock.web.MockFilterChain$ServletFilterProxy.doFilter(MockFilterChain.java:167)
	at org.springframework.mock.web.MockFilterChain.doFilter(MockFilterChain.java:134)
	at org.springframework.test.web.servlet.MockMvc.perform(MockMvc.java:155)
	at com.homedepot.mm.po.iom.rest.IOMTransferRequestControllerTest.distributeToPomFail500StatusTest(IOMTransferRequestControllerTest.java:137)
	at sun.reflect.NativeMethodAccessorImpl.invoke0(Native Method)
	at sun.reflect.NativeMethodAccessorImpl.invoke(NativeMethodAccessorImpl.java:62)
	at sun.reflect.DelegatingMethodAccessorImpl.invoke(DelegatingMethodAccessorImpl.java:43)
	at java.lang.reflect.Method.invoke(Method.java:498)
	at org.junit.runners.model.FrameworkMethod$1.runReflectiveCall(FrameworkMethod.java:50)
	at org.junit.internal.runners.model.ReflectiveCallable.run(ReflectiveCallable.java:12)
	at org.junit.runners.model.FrameworkMethod.invokeExplosively(FrameworkMethod.java:47)
	at org.junit.internal.runners.statements.InvokeMethod.evaluate(InvokeMethod.java:17)
	at org.junit.internal.runners.statements.RunBefores.evaluate(RunBefores.java:26)
	at org.springframework.test.context.junit4.statements.RunBeforeTestMethodCallbacks.evaluate(RunBeforeTestMethodCallbacks.java:75)
	at org.springframework.test.context.junit4.statements.RunAfterTestMethodCallbacks.evaluate(RunAfterTestMethodCallbacks.java:86)
	at com.github.tomakehurst.wiremock.junit.WireMockRule$1.evaluate(WireMockRule.java:72)
	at org.junit.rules.RunRules.evaluate(RunRules.java:20)
	at org.springframework.test.context.junit4.statements.SpringRepeat.evaluate(SpringRepeat.java:84)
	at org.junit.runners.ParentRunner.runLeaf(ParentRunner.java:325)
	at org.springframework.test.context.junit4.SpringJUnit4ClassRunner.runChild(SpringJUnit4ClassRunner.java:252)
	at org.springframework.test.context.junit4.SpringJUnit4ClassRunner.runChild(SpringJUnit4ClassRunner.java:94)
	at org.junit.runners.ParentRunner$3.run(ParentRunner.java:290)
	at org.junit.runners.ParentRunner$1.schedule(ParentRunner.java:71)
	at org.junit.runners.ParentRunner.runChildren(ParentRunner.java:288)
	at org.junit.runners.ParentRunner.access$000(ParentRunner.java:58)
	at org.junit.runners.ParentRunner$2.evaluate(ParentRunner.java:268)
	at org.springframework.test.context.junit4.statements.RunBeforeTestClassCallbacks.evaluate(RunBeforeTestClassCallbacks.java:61)
	at org.springframework.test.context.junit4.statements.RunAfterTestClassCallbacks.evaluate(RunAfterTestClassCallbacks.java:70)
	at org.junit.runners.ParentRunner.run(ParentRunner.java:363)
	at org.springframework.test.context.junit4.SpringJUnit4ClassRunner.run(SpringJUnit4ClassRunner.java:191)
	at org.gradle.api.internal.tasks.testing.junit.JUnitTestClassExecuter.runTestClass(JUnitTestClassExecuter.java:114)
	at org.gradle.api.internal.tasks.testing.junit.JUnitTestClassExecuter.execute(JUnitTestClassExecuter.java:57)
	at org.gradle.api.internal.tasks.testing.junit.JUnitTestClassProcessor.processTestClass(JUnitTestClassProcessor.java:66)
	at org.gradle.api.internal.tasks.testing.SuiteTestClassProcessor.processTestClass(SuiteTestClassProcessor.java:51)
	at sun.reflect.NativeMethodAccessorImpl.invoke0(Native Method)
	at sun.reflect.NativeMethodAccessorImpl.invoke(NativeMethodAccessorImpl.java:62)
	at sun.reflect.DelegatingMethodAccessorImpl.invoke(DelegatingMethodAccessorImpl.java:43)
	at java.lang.reflect.Method.invoke(Method.java:498)
	at org.gradle.internal.dispatch.ReflectionDispatch.dispatch(ReflectionDispatch.java:35)
	at org.gradle.internal.dispatch.ReflectionDispatch.dispatch(ReflectionDispatch.java:24)
	at org.gradle.internal.dispatch.ContextClassLoaderDispatch.dispatch(ContextClassLoaderDispatch.java:32)
	at org.gradle.internal.dispatch.ProxyDispatchAdapter$DispatchingInvocationHandler.invoke(ProxyDispatchAdapter.java:93)
	at com.sun.proxy.$Proxy2.processTestClass(Unknown Source)
	at org.gradle.api.internal.tasks.testing.worker.TestWorker.processTestClass(TestWorker.java:109)
	at sun.reflect.NativeMethodAccessorImpl.invoke0(Native Method)
	at sun.reflect.NativeMethodAccessorImpl.invoke(NativeMethodAccessorImpl.java:62)
	at sun.reflect.DelegatingMethodAccessorImpl.invoke(DelegatingMethodAccessorImpl.java:43)
	at java.lang.reflect.Method.invoke(Method.java:498)
	at org.gradle.internal.dispatch.ReflectionDispatch.dispatch(ReflectionDispatch.java:35)
	at org.gradle.internal.dispatch.ReflectionDispatch.dispatch(ReflectionDispatch.java:24)
	at org.gradle.internal.remote.internal.hub.MessageHubBackedObjectConnection$DispatchWrapper.dispatch(MessageHubBackedObjectConnection.java:147)
	at org.gradle.internal.remote.internal.hub.MessageHubBackedObjectConnection$DispatchWrapper.dispatch(MessageHubBackedObjectConnection.java:129)
	at org.gradle.internal.remote.internal.hub.MessageHub$Handler.run(MessageHub.java:404)
	at org.gradle.internal.concurrent.ExecutorPolicy$CatchAndRecordFailures.onExecute(ExecutorPolicy.java:63)
	at org.gradle.internal.concurrent.StoppableExecutorImpl$1.run(StoppableExecutorImpl.java:46)
	at java.util.concurrent.ThreadPoolExecutor.runWorker(ThreadPoolExecutor.java:1142)
	at java.util.concurrent.ThreadPoolExecutor$Worker.run(ThreadPoolExecutor.java:617)
	at java.lang.Thread.run(Thread.java:748)
{"date":"2017-07-13 19:02:05","level": "ERROR","message": "Slack Error Message: Unable to post transfers to POM Service http://localhost:8089/TransfersIntegrationService/transfer/{omtOrderTypeCode}. 500 Server Error","logger": "c.h.m.p.i.r.IOMTransferRequestController","thread": "[Test worker]"}
Error in posting message to Slack: URI is not absolute
{"date":"2017-07-13 19:02:05","level": "ERROR","message": "Status- 500; Response Message- {
  "status":"FAILURE",
  "sourceSystemRequestID":"1",
  "errors":[
    {
      "errorType":"DatabaseException",
      "errorDescription":"SQL exception occurred in accessing table"
    }
  ]
}
","logger": "c.h.m.p.i.r.IOMTransferRequestController","thread": "[Test worker]"}
{"date":"2017-07-13 19:02:05","level": "INFO ","message": "End time to call POM-1499972525772","logger": "c.h.m.p.i.r.IOMTransferRequestController","thread": "[Test worker]"}
{"date":"2017-07-13 19:02:05","level": "INFO ","message": "Total cost call-73","logger": "c.h.m.p.i.r.IOMTransferRequestController","thread": "[Test worker]"}
{"date":"2017-07-13 19:02:05","level": "INFO ","message": "POM URL-http://localhost:8089/TransfersIntegrationService/transfer/{omtOrderTypeCode}","logger": "c.h.m.p.i.r.IOMTransferRequestController","thread": "[Test worker]"}
{"date":"2017-07-13 19:02:05","level": "INFO ","message": "Transfer-{"order":{"orderHeader":{"sourceSystemRequestID":9,"actionType":"CO", "createProgramId":"IOM", "shippingLocationNumber":"5150", "shippingLocationTypeCode":"DC", "receivingLocationNumber":"5149", "receivingLocationTypeCode":"DC", "merchandisingDepartmentNumber":"27", "distributionServiceTypeCode":"15", "replenishmentMethodCode":"13", "orderReasonCode":"260", "omtOrderTypeCode":"22", "orderStatusCode":"2", "commentText":"DF to DF transfers", "orderSourceLocationNumber":null, "orderProductGroupCode":null, "expectedArrivalDate":"2017-04-18"}, "orderLines": [ {"orderRequestSequenceNumber":1, "buyPackUoiCode":"1", "skuNumber": 102256, "buyPackSize":0, "originalOrderQuantity":4.00, "buyPackWeight":4.0000, "buyPackVolume":0.0000, "destinationSkuNumber":"102256", "buyPackWeightUomCode":0, "buyPackVolumeUomCode":0, "unitCostAmount":0.0, "mVendorNumber":null}]}}","logger": "c.h.m.p.i.r.IOMTransferRequestController","thread": "[Test worker]"}
{"date":"2017-07-13 19:02:05","level": "INFO ","message": "Start time to call POM-1499972525780","logger": "c.h.m.p.i.r.IOMTransferRequestController","thread": "[Test worker]"}
{"date":"2017-07-13 19:02:05","level": "ERROR","message": "Error while handling the request distributeToPom","logger": "c.h.m.p.i.r.IOMTransferRequestController","thread": "[Test worker]"}
org.springframework.web.client.HttpServerErrorException: 500 Server Error
	at org.springframework.web.client.DefaultResponseErrorHandler.handleError(DefaultResponseErrorHandler.java:94)
	at org.springframework.web.client.RestTemplate.handleResponse(RestTemplate.java:700)
	at org.springframework.web.client.RestTemplate.doExecute(RestTemplate.java:653)
	at org.springframework.web.client.RestTemplate.execute(RestTemplate.java:613)
	at org.springframework.web.client.RestTemplate.postForEntity(RestTemplate.java:407)
	at com.homedepot.mm.po.iom.rest.IOMTransferRequestController.distributeToPom(IOMTransferRequestController.java:135)
	at com.homedepot.mm.po.iom.rest.IOMTransferRequestController.sendTransfersToPOM(IOMTransferRequestController.java:101)
	at com.homedepot.mm.po.iom.rest.IOMTransferRequestController.sendToPOM(IOMTransferRequestController.java:80)
	at sun.reflect.NativeMethodAccessorImpl.invoke0(Native Method)
	at sun.reflect.NativeMethodAccessorImpl.invoke(NativeMethodAccessorImpl.java:62)
	at sun.reflect.DelegatingMethodAccessorImpl.invoke(DelegatingMethodAccessorImpl.java:43)
	at java.lang.reflect.Method.invoke(Method.java:498)
	at org.springframework.web.method.support.InvocableHandlerMethod.doInvoke(InvocableHandlerMethod.java:205)
	at org.springframework.web.method.support.InvocableHandlerMethod.invokeForRequest(InvocableHandlerMethod.java:133)
	at org.springframework.web.servlet.mvc.method.annotation.ServletInvocableHandlerMethod.invokeAndHandle(ServletInvocableHandlerMethod.java:116)
	at org.springframework.web.servlet.mvc.method.annotation.RequestMappingHandlerAdapter.invokeHandlerMethod(RequestMappingHandlerAdapter.java:827)
	at org.springframework.web.servlet.mvc.method.annotation.RequestMappingHandlerAdapter.handleInternal(RequestMappingHandlerAdapter.java:738)
	at org.springframework.web.servlet.mvc.method.AbstractHandlerMethodAdapter.handle(AbstractHandlerMethodAdapter.java:85)
	at org.springframework.web.servlet.DispatcherServlet.doDispatch(DispatcherServlet.java:963)
	at org.springframework.web.servlet.DispatcherServlet.doService(DispatcherServlet.java:897)
	at org.springframework.web.servlet.FrameworkServlet.processRequest(FrameworkServlet.java:970)
	at org.springframework.web.servlet.FrameworkServlet.doGet(FrameworkServlet.java:861)
	at javax.servlet.http.HttpServlet.service(HttpServlet.java:622)
	at org.springframework.web.servlet.FrameworkServlet.service(FrameworkServlet.java:846)
	at org.springframework.test.web.servlet.TestDispatcherServlet.service(TestDispatcherServlet.java:65)
	at javax.servlet.http.HttpServlet.service(HttpServlet.java:729)
	at org.springframework.mock.web.MockFilterChain$ServletFilterProxy.doFilter(MockFilterChain.java:167)
	at org.springframework.mock.web.MockFilterChain.doFilter(MockFilterChain.java:134)
	at org.springframework.test.web.servlet.MockMvc.perform(MockMvc.java:155)
	at com.homedepot.mm.po.iom.rest.IOMTransferRequestControllerTest.distributeToPomFail500StatusTest(IOMTransferRequestControllerTest.java:137)
	at sun.reflect.NativeMethodAccessorImpl.invoke0(Native Method)
	at sun.reflect.NativeMethodAccessorImpl.invoke(NativeMethodAccessorImpl.java:62)
	at sun.reflect.DelegatingMethodAccessorImpl.invoke(DelegatingMethodAccessorImpl.java:43)
	at java.lang.reflect.Method.invoke(Method.java:498)
	at org.junit.runners.model.FrameworkMethod$1.runReflectiveCall(FrameworkMethod.java:50)
	at org.junit.internal.runners.model.ReflectiveCallable.run(ReflectiveCallable.java:12)
	at org.junit.runners.model.FrameworkMethod.invokeExplosively(FrameworkMethod.java:47)
	at org.junit.internal.runners.statements.InvokeMethod.evaluate(InvokeMethod.java:17)
	at org.junit.internal.runners.statements.RunBefores.evaluate(RunBefores.java:26)
	at org.springframework.test.context.junit4.statements.RunBeforeTestMethodCallbacks.evaluate(RunBeforeTestMethodCallbacks.java:75)
	at org.springframework.test.context.junit4.statements.RunAfterTestMethodCallbacks.evaluate(RunAfterTestMethodCallbacks.java:86)
	at com.github.tomakehurst.wiremock.junit.WireMockRule$1.evaluate(WireMockRule.java:72)
	at org.junit.rules.RunRules.evaluate(RunRules.java:20)
	at org.springframework.test.context.junit4.statements.SpringRepeat.evaluate(SpringRepeat.java:84)
	at org.junit.runners.ParentRunner.runLeaf(ParentRunner.java:325)
	at org.springframework.test.context.junit4.SpringJUnit4ClassRunner.runChild(SpringJUnit4ClassRunner.java:252)
	at org.springframework.test.context.junit4.SpringJUnit4ClassRunner.runChild(SpringJUnit4ClassRunner.java:94)
	at org.junit.runners.ParentRunner$3.run(ParentRunner.java:290)
	at org.junit.runners.ParentRunner$1.schedule(ParentRunner.java:71)
	at org.junit.runners.ParentRunner.runChildren(ParentRunner.java:288)
	at org.junit.runners.ParentRunner.access$000(ParentRunner.java:58)
	at org.junit.runners.ParentRunner$2.evaluate(ParentRunner.java:268)
	at org.springframework.test.context.junit4.statements.RunBeforeTestClassCallbacks.evaluate(RunBeforeTestClassCallbacks.java:61)
	at org.springframework.test.context.junit4.statements.RunAfterTestClassCallbacks.evaluate(RunAfterTestClassCallbacks.java:70)
	at org.junit.runners.ParentRunner.run(ParentRunner.java:363)
	at org.springframework.test.context.junit4.SpringJUnit4ClassRunner.run(SpringJUnit4ClassRunner.java:191)
	at org.gradle.api.internal.tasks.testing.junit.JUnitTestClassExecuter.runTestClass(JUnitTestClassExecuter.java:114)
	at org.gradle.api.internal.tasks.testing.junit.JUnitTestClassExecuter.execute(JUnitTestClassExecuter.java:57)
	at org.gradle.api.internal.tasks.testing.junit.JUnitTestClassProcessor.processTestClass(JUnitTestClassProcessor.java:66)
	at org.gradle.api.internal.tasks.testing.SuiteTestClassProcessor.processTestClass(SuiteTestClassProcessor.java:51)
	at sun.reflect.NativeMethodAccessorImpl.invoke0(Native Method)
	at sun.reflect.NativeMethodAccessorImpl.invoke(NativeMethodAccessorImpl.java:62)
	at sun.reflect.DelegatingMethodAccessorImpl.invoke(DelegatingMethodAccessorImpl.java:43)
	at java.lang.reflect.Method.invoke(Method.java:498)
	at org.gradle.internal.dispatch.ReflectionDispatch.dispatch(ReflectionDispatch.java:35)
	at org.gradle.internal.dispatch.ReflectionDispatch.dispatch(ReflectionDispatch.java:24)
	at org.gradle.internal.dispatch.ContextClassLoaderDispatch.dispatch(ContextClassLoaderDispatch.java:32)
	at org.gradle.internal.dispatch.ProxyDispatchAdapter$DispatchingInvocationHandler.invoke(ProxyDispatchAdapter.java:93)
	at com.sun.proxy.$Proxy2.processTestClass(Unknown Source)
	at org.gradle.api.internal.tasks.testing.worker.TestWorker.processTestClass(TestWorker.java:109)
	at sun.reflect.NativeMethodAccessorImpl.invoke0(Native Method)
	at sun.reflect.NativeMethodAccessorImpl.invoke(NativeMethodAccessorImpl.java:62)
	at sun.reflect.DelegatingMethodAccessorImpl.invoke(DelegatingMethodAccessorImpl.java:43)
	at java.lang.reflect.Method.invoke(Method.java:498)
	at org.gradle.internal.dispatch.ReflectionDispatch.dispatch(ReflectionDispatch.java:35)
	at org.gradle.internal.dispatch.ReflectionDispatch.dispatch(ReflectionDispatch.java:24)
	at org.gradle.internal.remote.internal.hub.MessageHubBackedObjectConnection$DispatchWrapper.dispatch(MessageHubBackedObjectConnection.java:147)
	at org.gradle.internal.remote.internal.hub.MessageHubBackedObjectConnection$DispatchWrapper.dispatch(MessageHubBackedObjectConnection.java:129)
	at org.gradle.internal.remote.internal.hub.MessageHub$Handler.run(MessageHub.java:404)
	at org.gradle.internal.concurrent.ExecutorPolicy$CatchAndRecordFailures.onExecute(ExecutorPolicy.java:63)
	at org.gradle.internal.concurrent.StoppableExecutorImpl$1.run(StoppableExecutorImpl.java:46)
	at java.util.concurrent.ThreadPoolExecutor.runWorker(ThreadPoolExecutor.java:1142)
	at java.util.concurrent.ThreadPoolExecutor$Worker.run(ThreadPoolExecutor.java:617)
	at java.lang.Thread.run(Thread.java:748)
{"date":"2017-07-13 19:02:05","level": "ERROR","message": "Slack Error Message: Unable to post transfers to POM Service http://localhost:8089/TransfersIntegrationService/transfer/{omtOrderTypeCode}. 500 Server Error","logger": "c.h.m.p.i.r.IOMTransferRequestController","thread": "[Test worker]"}
Error in posting message to Slack: URI is not absolute
{"date":"2017-07-13 19:02:05","level": "ERROR","message": "Status- 500; Response Message- {
  "status":"FAILURE",
  "sourceSystemRequestID":"1",
  "errors":[
    {
      "errorType":"DatabaseException",
      "errorDescription":"SQL exception occurred in accessing table"
    }
  ]
}
","logger": "c.h.m.p.i.r.IOMTransferRequestController","thread": "[Test worker]"}
{"date":"2017-07-13 19:02:05","level": "INFO ","message": "End time to call POM-1499972525823","logger": "c.h.m.p.i.r.IOMTransferRequestController","thread": "[Test worker]"}
{"date":"2017-07-13 19:02:05","level": "INFO ","message": "Total cost call-43","logger": "c.h.m.p.i.r.IOMTransferRequestController","thread": "[Test worker]"}
{"date":"2017-07-13 19:02:05","level": "INFO ","message": "Rolled back transaction for test context [DefaultTestContext@2456606 testClass = IOMTransferRequestControllerTest, testInstance = com.homedepot.mm.po.iom.rest.IOMTransferRequestControllerTest@4822b82b, testMethod = distributeToPomFail500StatusTest@IOMTransferRequestControllerTest, testException = [null], mergedContextConfiguration = [WebMergedContextConfiguration@137a8ac4 testClass = IOMTransferRequestControllerTest, locations = '{}', classes = '{class com.homedepot.mm.po.iom.IomTransferRequestApplication}', contextInitializerClasses = '[]', activeProfiles = '{test}', propertySourceLocations = '{}', propertySourceProperties = '{org.springframework.boot.test.context.SpringBootTestContextBootstrapper=true}', contextCustomizers = set[org.springframework.boot.test.context.SpringBootTestContextCustomizer@179d46d1, org.springframework.boot.test.context.filter.ExcludeFilterContextCustomizer@36294929, org.springframework.boot.test.mock.mockito.MockitoContextCustomizer@0, org.springframework.boot.test.autoconfigure.properties.PropertyMappingContextCustomizer@0, org.springframework.boot.test.autoconfigure.web.servlet.WebDriverContextCustomizerFactory$Customizer@3c6a72cd], resourceBasePath = 'src/main/webapp', contextLoader = 'org.springframework.boot.test.context.SpringBootContextLoader', parent = [null]]].","logger": "o.s.t.c.t.TransactionContext","thread": "[Test worker]"}
{"date":"2017-07-13 19:02:05","level": "INFO ","message": "Stopped NetworkTrafficServerConnector@440f584f{HTTP/1.1,[http/1.1]}{0.0.0.0:8089}","logger": "o.e.jetty.server.AbstractConnector","thread": "[Test worker]"}
{"date":"2017-07-13 19:02:05","level": "INFO ","message": "Stopped o.e.j.s.ServletContextHandler@2c6ef264{/,null,UNAVAILABLE}","logger": "o.e.j.server.handler.ContextHandler","thread": "[Test worker]"}
{"date":"2017-07-13 19:02:05","level": "INFO ","message": "Stopped o.e.j.s.ServletContextHandler@4a5018b3{/__admin,null,UNAVAILABLE}","logger": "o.e.j.server.handler.ContextHandler","thread": "[Test worker]"}
{"date":"2017-07-13 19:02:05","level": "INFO ","message": "jetty-9.4.2.v20170220","logger": "org.eclipse.jetty.server.Server","thread": "[Test worker]"}
{"date":"2017-07-13 19:02:05","level": "INFO ","message": "Started o.e.j.s.ServletContextHandler@35ac9d71{/__admin,null,AVAILABLE}","logger": "o.e.j.server.handler.ContextHandler","thread": "[Test worker]"}
{"date":"2017-07-13 19:02:05","level": "WARN ","message": "Using @Deprecated Class org.eclipse.jetty.servlets.GzipFilter","logger": "o.e.jetty.util.DeprecationWarning","thread": "[Test worker]"}
{"date":"2017-07-13 19:02:05","level": "WARN ","message": "GzipFilter is deprecated. Use GzipHandler","logger": "o.eclipse.jetty.servlets.GzipFilter","thread": "[Test worker]"}
{"date":"2017-07-13 19:02:05","level": "INFO ","message": "Started o.e.j.s.ServletContextHandler@4c44d6a1{/,null,AVAILABLE}","logger": "o.e.j.server.handler.ContextHandler","thread": "[Test worker]"}
{"date":"2017-07-13 19:02:05","level": "INFO ","message": "Started NetworkTrafficServerConnector@8b2e91b{HTTP/1.1,[http/1.1]}{0.0.0.0:8089}","logger": "o.e.jetty.server.AbstractConnector","thread": "[Test worker]"}
{"date":"2017-07-13 19:02:05","level": "INFO ","message": "Started @10863ms","logger": "org.eclipse.jetty.server.Server","thread": "[Test worker]"}
{"date":"2017-07-13 19:02:05","level": "INFO ","message": "Began transaction (1) for test context [DefaultTestContext@2456606 testClass = IOMTransferRequestControllerTest, testInstance = com.homedepot.mm.po.iom.rest.IOMTransferRequestControllerTest@7d7359d7, testMethod = _distributeToPomSuccessTest@IOMTransferRequestControllerTest, testException = [null], mergedContextConfiguration = [WebMergedContextConfiguration@137a8ac4 testClass = IOMTransferRequestControllerTest, locations = '{}', classes = '{class com.homedepot.mm.po.iom.IomTransferRequestApplication}', contextInitializerClasses = '[]', activeProfiles = '{test}', propertySourceLocations = '{}', propertySourceProperties = '{org.springframework.boot.test.context.SpringBootTestContextBootstrapper=true}', contextCustomizers = set[org.springframework.boot.test.context.SpringBootTestContextCustomizer@179d46d1, org.springframework.boot.test.context.filter.ExcludeFilterContextCustomizer@36294929, org.springframework.boot.test.mock.mockito.MockitoContextCustomizer@0, org.springframework.boot.test.autoconfigure.properties.PropertyMappingContextCustomizer@0, org.springframework.boot.test.autoconfigure.web.servlet.WebDriverContextCustomizerFactory$Customizer@3c6a72cd], resourceBasePath = 'src/main/webapp', contextLoader = 'org.springframework.boot.test.context.SpringBootContextLoader', parent = [null]]]; transaction manager [org.springframework.jdbc.datasource.DataSourceTransactionManager@c07bbda]; rollback [true]","logger": "o.s.t.c.t.TransactionContext","thread": "[Test worker]"}
{"date":"2017-07-13 19:02:05","level": "INFO ","message": "RequestHandlerClass from context returned com.github.tomakehurst.wiremock.http.AdminRequestHandler. Normalized mapped under returned 'null'","logger": "o.e.jetty.ContextHandler.__admin","thread": "[qtp1047289273-90]"}
{"date":"2017-07-13 19:02:05","level": "INFO ","message": "Initializing Spring FrameworkServlet ''","logger": "o.s.b.t.m.w.SpringBootMockServletContext","thread": "[Test worker]"}
{"date":"2017-07-13 19:02:05","level": "INFO ","message": "FrameworkServlet '': initialization started","logger": "o.s.t.w.s.TestDispatcherServlet","thread": "[Test worker]"}
{"date":"2017-07-13 19:02:05","level": "INFO ","message": "FrameworkServlet '': initialization completed in 4 ms","logger": "o.s.t.w.s.TestDispatcherServlet","thread": "[Test worker]"}
{"date":"2017-07-13 19:02:05","level": "INFO ","message": "POM URL-http://localhost:8089/TransfersIntegrationService/transfer/{omtOrderTypeCode}","logger": "c.h.m.p.i.r.IOMTransferRequestController","thread": "[Test worker]"}
{"date":"2017-07-13 19:02:05","level": "INFO ","message": "Transfer-{"order":{"orderHeader":{"sourceSystemRequestID":12,"actionType":"CO", "createProgramId":"IOM", "shippingLocationNumber":"5150", "shippingLocationTypeCode":"DC", "receivingLocationNumber":"5149", "receivingLocationTypeCode":"DC", "merchandisingDepartmentNumber":"27", "distributionServiceTypeCode":"15", "replenishmentMethodCode":"13", "orderReasonCode":"260", "omtOrderTypeCode":"22", "orderStatusCode":"2", "commentText":"DF to DF transfers", "orderSourceLocationNumber":null, "orderProductGroupCode":null, "expectedArrivalDate":"2017-04-18"}, "orderLines": [ {"orderRequestSequenceNumber":1, "buyPackUoiCode":"1", "skuNumber": 102256, "buyPackSize":0, "originalOrderQuantity":12.00, "buyPackWeight":4.0000, "buyPackVolume":0.0000, "destinationSkuNumber":"102256", "buyPackWeightUomCode":0, "buyPackVolumeUomCode":0, "unitCostAmount":0.0, "mVendorNumber":null}]}}","logger": "c.h.m.p.i.r.IOMTransferRequestController","thread": "[Test worker]"}
{"date":"2017-07-13 19:02:05","level": "INFO ","message": "Start time to call POM-1499972525920","logger": "c.h.m.p.i.r.IOMTransferRequestController","thread": "[Test worker]"}
{"date":"2017-07-13 19:02:05","level": "INFO ","message": "RequestHandlerClass from context returned com.github.tomakehurst.wiremock.http.StubRequestHandler. Normalized mapped under returned 'null'","logger": "o.e.jetty.ContextHandler.4c44d6a1","thread": "[qtp1047289273-89]"}
{"date":"2017-07-13 19:02:05","level": "ERROR","message": "Error while handling the request distributeToPom","logger": "c.h.m.p.i.r.IOMTransferRequestController","thread": "[Test worker]"}
org.springframework.web.client.HttpClientErrorException: 400 Bad Request
	at org.springframework.web.client.DefaultResponseErrorHandler.handleError(DefaultResponseErrorHandler.java:91)
	at org.springframework.web.client.RestTemplate.handleResponse(RestTemplate.java:700)
	at org.springframework.web.client.RestTemplate.doExecute(RestTemplate.java:653)
	at org.springframework.web.client.RestTemplate.execute(RestTemplate.java:613)
	at org.springframework.web.client.RestTemplate.postForEntity(RestTemplate.java:407)
	at com.homedepot.mm.po.iom.rest.IOMTransferRequestController.distributeToPom(IOMTransferRequestController.java:135)
	at com.homedepot.mm.po.iom.rest.IOMTransferRequestController.sendTransfersToPOM(IOMTransferRequestController.java:101)
	at com.homedepot.mm.po.iom.rest.IOMTransferRequestController.sendToPOM(IOMTransferRequestController.java:80)
	at sun.reflect.NativeMethodAccessorImpl.invoke0(Native Method)
	at sun.reflect.NativeMethodAccessorImpl.invoke(NativeMethodAccessorImpl.java:62)
	at sun.reflect.DelegatingMethodAccessorImpl.invoke(DelegatingMethodAccessorImpl.java:43)
	at java.lang.reflect.Method.invoke(Method.java:498)
	at org.springframework.web.method.support.InvocableHandlerMethod.doInvoke(InvocableHandlerMethod.java:205)
	at org.springframework.web.method.support.InvocableHandlerMethod.invokeForRequest(InvocableHandlerMethod.java:133)
	at org.springframework.web.servlet.mvc.method.annotation.ServletInvocableHandlerMethod.invokeAndHandle(ServletInvocableHandlerMethod.java:116)
	at org.springframework.web.servlet.mvc.method.annotation.RequestMappingHandlerAdapter.invokeHandlerMethod(RequestMappingHandlerAdapter.java:827)
	at org.springframework.web.servlet.mvc.method.annotation.RequestMappingHandlerAdapter.handleInternal(RequestMappingHandlerAdapter.java:738)
	at org.springframework.web.servlet.mvc.method.AbstractHandlerMethodAdapter.handle(AbstractHandlerMethodAdapter.java:85)
	at org.springframework.web.servlet.DispatcherServlet.doDispatch(DispatcherServlet.java:963)
	at org.springframework.web.servlet.DispatcherServlet.doService(DispatcherServlet.java:897)
	at org.springframework.web.servlet.FrameworkServlet.processRequest(FrameworkServlet.java:970)
	at org.springframework.web.servlet.FrameworkServlet.doGet(FrameworkServlet.java:861)
	at javax.servlet.http.HttpServlet.service(HttpServlet.java:622)
	at org.springframework.web.servlet.FrameworkServlet.service(FrameworkServlet.java:846)
[...]
	at org.springframework.web.servlet.mvc.method.annotation.RequestMappingHandlerAdapter.invokeHandlerMethod(RequestMappingHandlerAdapter.java:827)
	at org.springframework.web.servlet.mvc.method.annotation.RequestMappingHandlerAdapter.handleInternal(RequestMappingHandlerAdapter.java:738)
	at org.springframework.web.servlet.mvc.method.AbstractHandlerMethodAdapter.handle(AbstractHandlerMethodAdapter.java:85)
	at org.springframework.web.servlet.DispatcherServlet.doDispatch(DispatcherServlet.java:963)
	at org.springframework.web.servlet.DispatcherServlet.doService(DispatcherServlet.java:897)
	at org.springframework.web.servlet.FrameworkServlet.processRequest(FrameworkServlet.java:970)
	at org.springframework.web.servlet.FrameworkServlet.doGet(FrameworkServlet.java:861)
	at javax.servlet.http.HttpServlet.service(HttpServlet.java:622)
	at org.springframework.web.servlet.FrameworkServlet.service(FrameworkServlet.java:846)
	at org.springframework.test.web.servlet.TestDispatcherServlet.service(TestDispatcherServlet.java:65)
	at javax.servlet.http.HttpServlet.service(HttpServlet.java:729)
	at org.springframework.mock.web.MockFilterChain$ServletFilterProxy.doFilter(MockFilterChain.java:167)
	at org.springframework.mock.web.MockFilterChain.doFilter(MockFilterChain.java:134)
	at org.springframework.test.web.servlet.MockMvc.perform(MockMvc.java:155)
	at com.homedepot.mm.po.iom.rest.IOMTransferRequestControllerTest.distributeToPomFail424StatusTest(IOMTransferRequestControllerTest.java:124)
	at sun.reflect.NativeMethodAccessorImpl.invoke0(Native Method)
	at sun.reflect.NativeMethodAccessorImpl.invoke(NativeMethodAccessorImpl.java:62)
	at sun.reflect.DelegatingMethodAccessorImpl.invoke(DelegatingMethodAccessorImpl.java:43)
	at java.lang.reflect.Method.invoke(Method.java:498)
	at org.junit.runners.model.FrameworkMethod$1.runReflectiveCall(FrameworkMethod.java:50)
	at org.junit.internal.runners.model.ReflectiveCallable.run(ReflectiveCallable.java:12)
	at org.junit.runners.model.FrameworkMethod.invokeExplosively(FrameworkMethod.java:47)
	at org.junit.internal.runners.statements.InvokeMethod.evaluate(InvokeMethod.java:17)
	at org.junit.internal.runners.statements.RunBefores.evaluate(RunBefores.java:26)
	at org.springframework.test.context.junit4.statements.RunBeforeTestMethodCallbacks.evaluate(RunBeforeTestMethodCallbacks.java:75)
	at org.springframework.test.context.junit4.statements.RunAfterTestMethodCallbacks.evaluate(RunAfterTestMethodCallbacks.java:86)
	at com.github.tomakehurst.wiremock.junit.WireMockRule$1.evaluate(WireMockRule.java:72)
	at org.junit.rules.RunRules.evaluate(RunRules.java:20)
	at org.springframework.test.context.junit4.statements.SpringRepeat.evaluate(SpringRepeat.java:84)
	at org.junit.runners.ParentRunner.runLeaf(ParentRunner.java:325)
	at org.springframework.test.context.junit4.SpringJUnit4ClassRunner.runChild(SpringJUnit4ClassRunner.java:252)
	at org.springframework.test.context.junit4.SpringJUnit4ClassRunner.runChild(SpringJUnit4ClassRunner.java:94)
	at org.junit.runners.ParentRunner$3.run(ParentRunner.java:290)
	at org.junit.runners.ParentRunner$1.schedule(ParentRunner.java:71)
	at org.junit.runners.ParentRunner.runChildren(ParentRunner.java:288)
	at org.junit.runners.ParentRunner.access$000(ParentRunner.java:58)
	at org.junit.runners.ParentRunner$2.evaluate(ParentRunner.java:268)
	at org.springframework.test.context.junit4.statements.RunBeforeTestClassCallbacks.evaluate(RunBeforeTestClassCallbacks.java:61)
	at org.springframework.test.context.junit4.statements.RunAfterTestClassCallbacks.evaluate(RunAfterTestClassCallbacks.java:70)
	at org.junit.runners.ParentRunner.run(ParentRunner.java:363)
	at org.springframework.test.context.junit4.SpringJUnit4ClassRunner.run(SpringJUnit4ClassRunner.java:191)
	at org.gradle.api.internal.tasks.testing.junit.JUnitTestClassExecuter.runTestClass(JUnitTestClassExecuter.java:114)
	at org.gradle.api.internal.tasks.testing.junit.JUnitTestClassExecuter.execute(JUnitTestClassExecuter.java:57)
	at org.gradle.api.internal.tasks.testing.junit.JUnitTestClassProcessor.processTestClass(JUnitTestClassProcessor.java:66)
	at org.gradle.api.internal.tasks.testing.SuiteTestClassProcessor.processTestClass(SuiteTestClassProcessor.java:51)
	at sun.reflect.NativeMethodAccessorImpl.invoke0(Native Method)
	at sun.reflect.NativeMethodAccessorImpl.invoke(NativeMethodAccessorImpl.java:62)
	at sun.reflect.DelegatingMethodAccessorImpl.invoke(DelegatingMethodAccessorImpl.java:43)
	at java.lang.reflect.Method.invoke(Method.java:498)
	at org.gradle.internal.dispatch.ReflectionDispatch.dispatch(ReflectionDispatch.java:35)
	at org.gradle.internal.dispatch.ReflectionDispatch.dispatch(ReflectionDispatch.java:24)
	at org.gradle.internal.dispatch.ContextClassLoaderDispatch.dispatch(ContextClassLoaderDispatch.java:32)
	at org.gradle.internal.dispatch.ProxyDispatchAdapter$DispatchingInvocationHandler.invoke(ProxyDispatchAdapter.java:93)
	at com.sun.proxy.$Proxy2.processTestClass(Unknown Source)
	at org.gradle.api.internal.tasks.testing.worker.TestWorker.processTestClass(TestWorker.java:109)
	at sun.reflect.NativeMethodAccessorImpl.invoke0(Native Method)
	at sun.reflect.NativeMethodAccessorImpl.invoke(NativeMethodAccessorImpl.java:62)
	at sun.reflect.DelegatingMethodAccessorImpl.invoke(DelegatingMethodAccessorImpl.java:43)
	at java.lang.reflect.Method.invoke(Method.java:498)
	at org.gradle.internal.dispatch.ReflectionDispatch.dispatch(ReflectionDispatch.java:35)
	at org.gradle.internal.dispatch.ReflectionDispatch.dispatch(ReflectionDispatch.java:24)
	at org.gradle.internal.remote.internal.hub.MessageHubBackedObjectConnection$DispatchWrapper.dispatch(MessageHubBackedObjectConnection.java:147)
	at org.gradle.internal.remote.internal.hub.MessageHubBackedObjectConnection$DispatchWrapper.dispatch(MessageHubBackedObjectConnection.java:129)
	at org.gradle.internal.remote.internal.hub.MessageHub$Handler.run(MessageHub.java:404)
	at org.gradle.internal.concurrent.ExecutorPolicy$CatchAndRecordFailures.onExecute(ExecutorPolicy.java:63)
	at org.gradle.internal.concurrent.StoppableExecutorImpl$1.run(StoppableExecutorImpl.java:46)
	at java.util.concurrent.ThreadPoolExecutor.runWorker(ThreadPoolExecutor.java:1142)
	at java.util.concurrent.ThreadPoolExecutor$Worker.run(ThreadPoolExecutor.java:617)
	at java.lang.Thread.run(Thread.java:748)
{"date":"2017-07-13 19:02:06","level": "ERROR","message": "Slack Error Message: Unable to post transfers to POM Service http://localhost:8089/TransfersIntegrationService/transfer/{omtOrderTypeCode}. 424 Failed Dependency","logger": "c.h.m.p.i.r.IOMTransferRequestController","thread": "[Test worker]"}
Error in posting message to Slack: URI is not absolute
{"date":"2017-07-13 19:02:06","level": "ERROR","message": "Status- 424; Response Message- {
  "status":"FAILURE",
  "sourceSystemRequestID":"1",
  "errors":[
    {
      "errorType":"SkuDependency",
      "errorDescription":"Unable to find Sku Dependency data for the SKU(s) 1001685780",
      "skuNbr":1001685780
    }
  ]
}","logger": "c.h.m.p.i.r.IOMTransferRequestController","thread": "[Test worker]"}
{"date":"2017-07-13 19:02:06","level": "INFO ","message": "End time to call POM-1499972526700","logger": "c.h.m.p.i.r.IOMTransferRequestController","thread": "[Test worker]"}
{"date":"2017-07-13 19:02:06","level": "INFO ","message": "Total cost call-14","logger": "c.h.m.p.i.r.IOMTransferRequestController","thread": "[Test worker]"}
{"date":"2017-07-13 19:02:06","level": "ERROR","message": "Error while sending transfer request to POM- ","logger": "c.h.m.p.i.r.IOMTransferRequestController","thread": "[Test worker]"}
org.springframework.dao.DuplicateKeyException: PreparedStatementCallback; SQL [INSERT INTO IOM_POM_REQ_ERROR (IOM_TRANSFER_GRP_NBR, POM_ERROR_MSG, LAST_UPD_TS)  VALUES (?, ?, ?)]; Unique index or primary key violation: "PRIMARY KEY ON PUBLIC.IOM_POM_REQ_ERROR(IOM_TRANSFER_GRP_NBR)"; SQL statement:
INSERT INTO IOM_POM_REQ_ERROR (IOM_TRANSFER_GRP_NBR, POM_ERROR_MSG, LAST_UPD_TS)  VALUES (?, ?, ?) [23505-193]; nested exception is org.h2.jdbc.JdbcSQLException: Unique index or primary key violation: "PRIMARY KEY ON PUBLIC.IOM_POM_REQ_ERROR(IOM_TRANSFER_GRP_NBR)"; SQL statement:
INSERT INTO IOM_POM_REQ_ERROR (IOM_TRANSFER_GRP_NBR, POM_ERROR_MSG, LAST_UPD_TS)  VALUES (?, ?, ?) [23505-193]
	at org.springframework.jdbc.support.SQLErrorCodeSQLExceptionTranslator.doTranslate(SQLErrorCodeSQLExceptionTranslator.java:239)
	at org.springframework.jdbc.support.AbstractFallbackSQLExceptionTranslator.translate(AbstractFallbackSQLExceptionTranslator.java:73)
	at org.springframework.jdbc.core.JdbcTemplate.execute(JdbcTemplate.java:649)
	at org.springframework.jdbc.core.JdbcTemplate.update(JdbcTemplate.java:870)
	at org.springframework.jdbc.core.JdbcTemplate.update(JdbcTemplate.java:894)
	at org.springframework.jdbc.core.namedparam.NamedParameterJdbcTemplate.update(NamedParameterJdbcTemplate.java:287)
	at org.springframework.jdbc.core.namedparam.NamedParameterJdbcTemplate.update(NamedParameterJdbcTemplate.java:292)
	at com.homedepot.mm.po.iom.dao.TransferRequestDao.updatePomResponse(TransferRequestDao.java:289)
	at com.homedepot.mm.po.iom.rest.IOMTransferRequestController.distributeToPom(IOMTransferRequestController.java:177)
	at com.homedepot.mm.po.iom.rest.IOMTransferRequestController.sendTransfersToPOM(IOMTransferRequestController.java:101)
	at com.homedepot.mm.po.iom.rest.IOMTransferRequestController.sendToPOM(IOMTransferRequestController.java:80)
	at sun.reflect.NativeMethodAccessorImpl.invoke0(Native Method)
	at sun.reflect.NativeMethodAccessorImpl.invoke(NativeMethodAccessorImpl.java:62)
	at sun.reflect.DelegatingMethodAccessorImpl.invoke(DelegatingMethodAccessorImpl.java:43)
	at java.lang.reflect.Method.invoke(Method.java:498)
	at org.springframework.web.method.support.InvocableHandlerMethod.doInvoke(InvocableHandlerMethod.java:205)
	at org.springframework.web.method.support.InvocableHandlerMethod.invokeForRequest(InvocableHandlerMethod.java:133)
	at org.springframework.web.servlet.mvc.method.annotation.ServletInvocableHandlerMethod.invokeAndHandle(ServletInvocableHandlerMethod.java:116)
	at org.springframework.web.servlet.mvc.method.annotation.RequestMappingHandlerAdapter.invokeHandlerMethod(RequestMappingHandlerAdapter.java:827)
	at org.springframework.web.servlet.mvc.method.annotation.RequestMappingHandlerAdapter.handleInternal(RequestMappingHandlerAdapter.java:738)
	at org.springframework.web.servlet.mvc.method.AbstractHandlerMethodAdapter.handle(AbstractHandlerMethodAdapter.java:85)
	at org.springframework.web.servlet.DispatcherServlet.doDispatch(DispatcherServlet.java:963)
	at org.springframework.web.servlet.DispatcherServlet.doService(DispatcherServlet.java:897)
	at org.springframework.web.servlet.FrameworkServlet.processRequest(FrameworkServlet.java:970)
	at org.springframework.web.servlet.FrameworkServlet.doGet(FrameworkServlet.java:861)
	at javax.servlet.http.HttpServlet.service(HttpServlet.java:622)
	at org.springframework.web.servlet.FrameworkServlet.service(FrameworkServlet.java:846)
	at org.springframework.test.web.servlet.TestDispatcherServlet.service(TestDispatcherServlet.java:65)
	at javax.servlet.http.HttpServlet.service(HttpServlet.java:729)
	at org.springframework.mock.web.MockFilterChain$ServletFilterProxy.doFilter(MockFilterChain.java:167)
	at org.springframework.mock.web.MockFilterChain.doFilter(MockFilterChain.java:134)
	at org.springframework.test.web.servlet.MockMvc.perform(MockMvc.java:155)
	at com.homedepot.mm.po.iom.rest.IOMTransferRequestControllerTest.distributeToPomFail424StatusTest(IOMTransferRequestControllerTest.java:124)
	at sun.reflect.NativeMethodAccessorImpl.invoke0(Native Method)
	at sun.reflect.NativeMethodAccessorImpl.invoke(NativeMethodAccessorImpl.java:62)
	at sun.reflect.DelegatingMethodAccessorImpl.invoke(DelegatingMethodAccessorImpl.java:43)
	at java.lang.reflect.Method.invoke(Method.java:498)
	at org.junit.runners.model.FrameworkMethod$1.runReflectiveCall(FrameworkMethod.java:50)
	at org.junit.internal.runners.model.ReflectiveCallable.run(ReflectiveCallable.java:12)
	at org.junit.runners.model.FrameworkMethod.invokeExplosively(FrameworkMethod.java:47)
	at org.junit.internal.runners.statements.InvokeMethod.evaluate(InvokeMethod.java:17)
	at org.junit.internal.runners.statements.RunBefores.evaluate(RunBefores.java:26)
	at org.springframework.test.context.junit4.statements.RunBeforeTestMethodCallbacks.evaluate(RunBeforeTestMethodCallbacks.java:75)
	at org.springframework.test.context.junit4.statements.RunAfterTestMethodCallbacks.evaluate(RunAfterTestMethodCallbacks.java:86)
	at com.github.tomakehurst.wiremock.junit.WireMockRule$1.evaluate(WireMockRule.java:72)
	at org.junit.rules.RunRules.evaluate(RunRules.java:20)
	at org.springframework.test.context.junit4.statements.SpringRepeat.evaluate(SpringRepeat.java:84)
	at org.junit.runners.ParentRunner.runLeaf(ParentRunner.java:325)
	at org.springframework.test.context.junit4.SpringJUnit4ClassRunner.runChild(SpringJUnit4ClassRunner.java:252)
	at org.springframework.test.context.junit4.SpringJUnit4ClassRunner.runChild(SpringJUnit4ClassRunner.java:94)
	at org.junit.runners.ParentRunner$3.run(ParentRunner.java:290)
	at org.junit.runners.ParentRunner$1.schedule(ParentRunner.java:71)
	at org.junit.runners.ParentRunner.runChildren(ParentRunner.java:288)
	at org.junit.runners.ParentRunner.access$000(ParentRunner.java:58)
	at org.junit.runners.ParentRunner$2.evaluate(ParentRunner.java:268)
	at org.springframework.test.context.junit4.statements.RunBeforeTestClassCallbacks.evaluate(RunBeforeTestClassCallbacks.java:61)
	at org.springframework.test.context.junit4.statements.RunAfterTestClassCallbacks.evaluate(RunAfterTestClassCallbacks.java:70)
	at org.junit.runners.ParentRunner.run(ParentRunner.java:363)
	at org.springframework.test.context.junit4.SpringJUnit4ClassRunner.run(SpringJUnit4ClassRunner.java:191)
	at org.gradle.api.internal.tasks.testing.junit.JUnitTestClassExecuter.runTestClass(JUnitTestClassExecuter.java:114)
	at org.gradle.api.internal.tasks.testing.junit.JUnitTestClassExecuter.execute(JUnitTestClassExecuter.java:57)
	at org.gradle.api.internal.tasks.testing.junit.JUnitTestClassProcessor.processTestClass(JUnitTestClassProcessor.java:66)
	at org.gradle.api.internal.tasks.testing.SuiteTestClassProcessor.processTestClass(SuiteTestClassProcessor.java:51)
	at sun.reflect.NativeMethodAccessorImpl.invoke0(Native Method)
	at sun.reflect.NativeMethodAccessorImpl.invoke(NativeMethodAccessorImpl.java:62)
	at sun.reflect.DelegatingMethodAccessorImpl.invoke(DelegatingMethodAccessorImpl.java:43)
	at java.lang.reflect.Method.invoke(Method.java:498)
	at org.gradle.internal.dispatch.ReflectionDispatch.dispatch(ReflectionDispatch.java:35)
	at org.gradle.internal.dispatch.ReflectionDispatch.dispatch(ReflectionDispatch.java:24)
	at org.gradle.internal.dispatch.ContextClassLoaderDispatch.dispatch(ContextClassLoaderDispatch.java:32)
	at org.gradle.internal.dispatch.ProxyDispatchAdapter$DispatchingInvocationHandler.invoke(ProxyDispatchAdapter.java:93)
	at com.sun.proxy.$Proxy2.processTestClass(Unknown Source)
	at org.gradle.api.internal.tasks.testing.worker.TestWorker.processTestClass(TestWorker.java:109)
	at sun.reflect.NativeMethodAccessorImpl.invoke0(Native Method)
	at sun.reflect.NativeMethodAccessorImpl.invoke(NativeMethodAccessorImpl.java:62)
	at sun.reflect.DelegatingMethodAccessorImpl.invoke(DelegatingMethodAccessorImpl.java:43)
	at java.lang.reflect.Method.invoke(Method.java:498)
	at org.gradle.internal.dispatch.ReflectionDispatch.dispatch(ReflectionDispatch.java:35)
	at org.gradle.internal.dispatch.ReflectionDispatch.dispatch(ReflectionDispatch.java:24)
	at org.gradle.internal.remote.internal.hub.MessageHubBackedObjectConnection$DispatchWrapper.dispatch(MessageHubBackedObjectConnection.java:147)
	at org.gradle.internal.remote.internal.hub.MessageHubBackedObjectConnection$DispatchWrapper.dispatch(MessageHubBackedObjectConnection.java:129)
	at org.gradle.internal.remote.internal.hub.MessageHub$Handler.run(MessageHub.java:404)
	at org.gradle.internal.concurrent.ExecutorPolicy$CatchAndRecordFailures.onExecute(ExecutorPolicy.java:63)
	at org.gradle.internal.concurrent.StoppableExecutorImpl$1.run(StoppableExecutorImpl.java:46)
	at java.util.concurrent.ThreadPoolExecutor.runWorker(ThreadPoolExecutor.java:1142)
	at java.util.concurrent.ThreadPoolExecutor$Worker.run(ThreadPoolExecutor.java:617)
	at java.lang.Thread.run(Thread.java:748)
Caused by: org.h2.jdbc.JdbcSQLException: Unique index or primary key violation: "PRIMARY KEY ON PUBLIC.IOM_POM_REQ_ERROR(IOM_TRANSFER_GRP_NBR)"; SQL statement:
INSERT INTO IOM_POM_REQ_ERROR (IOM_TRANSFER_GRP_NBR, POM_ERROR_MSG, LAST_UPD_TS)  VALUES (?, ?, ?) [23505-193]
	at org.h2.message.DbException.getJdbcSQLException(DbException.java:345)
	at org.h2.message.DbException.get(DbException.java:179)
	at org.h2.message.DbException.get(DbException.java:155)
	at org.h2.mvstore.db.MVPrimaryIndex.add(MVPrimaryIndex.java:138)
	at org.h2.mvstore.db.MVTable.addRow(MVTable.java:704)
	at org.h2.command.dml.Insert.insertRows(Insert.java:156)
	at org.h2.command.dml.Insert.update(Insert.java:114)
	at org.h2.command.CommandContainer.update(CommandContainer.java:98)
	at org.h2.command.Command.executeUpdate(Command.java:258)
	at org.h2.jdbc.JdbcPreparedStatement.executeUpdateInternal(JdbcPreparedStatement.java:160)
	at org.h2.jdbc.JdbcPreparedStatement.executeUpdate(JdbcPreparedStatement.java:146)
	at org.springframework.jdbc.core.JdbcTemplate$2.doInPreparedStatement(JdbcTemplate.java:877)
	at org.springframework.jdbc.core.JdbcTemplate$2.doInPreparedStatement(JdbcTemplate.java:870)
	at org.springframework.jdbc.core.JdbcTemplate.execute(JdbcTemplate.java:633)
	... 84 common frames omitted
{"date":"2017-07-13 19:02:06","level": "INFO ","message": "Rolled back transaction for test context [DefaultTestContext@2456606 testClass = IOMTransferRequestControllerTest, testInstance = com.homedepot.mm.po.iom.rest.IOMTransferRequestControllerTest@47fe5525, testMethod = distributeToPomFail424StatusTest@IOMTransferRequestControllerTest, testException = [null], mergedContextConfiguration = [WebMergedContextConfiguration@137a8ac4 testClass = IOMTransferRequestControllerTest, locations = '{}', classes = '{class com.homedepot.mm.po.iom.IomTransferRequestApplication}', contextInitializerClasses = '[]', activeProfiles = '{test}', propertySourceLocations = '{}', propertySourceProperties = '{org.springframework.boot.test.context.SpringBootTestContextBootstrapper=true}', contextCustomizers = set[org.springframework.boot.test.context.SpringBootTestContextCustomizer@179d46d1, org.springframework.boot.test.context.filter.ExcludeFilterContextCustomizer@36294929, org.springframework.boot.test.mock.mockito.MockitoContextCustomizer@0, org.springframework.boot.test.autoconfigure.properties.PropertyMappingContextCustomizer@0, org.springframework.boot.test.autoconfigure.web.servlet.WebDriverContextCustomizerFactory$Customizer@3c6a72cd], resourceBasePath = 'src/main/webapp', contextLoader = 'org.springframework.boot.test.context.SpringBootContextLoader', parent = [null]]].","logger": "o.s.t.c.t.TransactionContext","thread": "[Test worker]"}
{"date":"2017-07-13 19:02:06","level": "INFO ","message": "Stopped NetworkTrafficServerConnector@24c118ba{HTTP/1.1,[http/1.1]}{0.0.0.0:8089}","logger": "o.e.jetty.server.AbstractConnector","thread": "[Test worker]"}
{"date":"2017-07-13 19:02:06","level": "INFO ","message": "Stopped o.e.j.s.ServletContextHandler@11dfe40d{/,null,UNAVAILABLE}","logger": "o.e.j.server.handler.ContextHandler","thread": "[Test worker]"}
{"date":"2017-07-13 19:02:06","level": "INFO ","message": "Stopped o.e.j.s.ServletContextHandler@640a25a7{/__admin,null,UNAVAILABLE}","logger": "o.e.j.server.handler.ContextHandler","thread": "[Test worker]"}
]]></system-out>
  <system-err><![CDATA[]]></system-err>
</testsuite>
